23:04:05 **** Rebuild of configuration Debug for project ex1 ****
Info: Internal Builder is used for build
gcc -O0 -g3 -Wall -c -fmessage-length=0 -o "src\\ex1.o" "..\\src\\ex1.c" 
gcc -o ex1.exe "src\\ex1.o" 
Info: Nothing to build for ex1
23:05:01 **** Incremental Build of configuration Debug for project ex1 ****
Info: Internal Builder is used for build
gcc -O0 -g3 -Wall -c -fmessage-length=0 -o "src\\ex1.o" "..\\src\\ex1.c" 
gcc -o ex1.exe "src\\ex1.o" 
Info: Nothing to build for ex1
Info: Nothing to build for ex1
23:06:33 **** Rebuild of configuration Debug for project ex2 ****
Info: Internal Builder is used for build
gcc -O0 -g3 -Wall -c -fmessage-length=0 -o "src\\ex2.o" "..\\src\\ex2.c" 
gcc -o ex2.exe "src\\ex2.o" 
Info: Nothing to build for ex2
Info: Nothing to build for ex2
Info: Nothing to build for ex2
Info: Nothing to build for ex2
Info: Nothing to build for ex1
Info: Nothing to build for ex2
Info: Nothing to build for ex1
23:11:14 **** Incremental Build of configuration Debug for project ex2 ****
Info: Internal Builder is used for build
gcc -O0 -g3 -Wall -c -fmessage-length=0 -o "src\\ex2.o" "..\\src\\ex2.c" 
gcc -o ex2.exe "src\\ex2.o" 
c:/mingw/bin/../lib/gcc/mingw32/6.3.0/../../../../mingw32/bin/ld.exe: cannot open output file ex2.exe: Permission denied
collect2.exe: error: ld returned 1 exit status
23:11:24 **** Incremental Build of configuration Debug for project ex2 ****
Info: Internal Builder is used for build
gcc -O0 -g3 -Wall -c -fmessage-length=0 -o "src\\ex2.o" "..\\src\\ex2.c" 
gcc -o ex2.exe "src\\ex2.o" 
c:/mingw/bin/../lib/gcc/mingw32/6.3.0/../../../../mingw32/bin/ld.exe: cannot open output file ex2.exe: Permission denied
collect2.exe: error: ld returned 1 exit status
Info: Nothing to build for ex1
23:11:41 **** Incremental Build of configuration Debug for project ex2 ****
Info: Internal Builder is used for build
gcc -o ex2.exe "src\\ex2.o" 
c:/mingw/bin/../lib/gcc/mingw32/6.3.0/../../../../mingw32/bin/ld.exe: cannot open output file ex2.exe: Permission denied
collect2.exe: error: ld returned 1 exit status
Info: Nothing to build for ex1
23:13:15 **** Rebuild of configuration Debug for project ex4 ****
Info: Internal Builder is used for build
gcc -O0 -g3 -Wall -c -fmessage-length=0 -o "src\\ex4.o" "..\\src\\ex4.c" 
gcc -o ex4.exe "src\\ex4.o" 
Info: Nothing to build for ex4
Info: Nothing to build for ex1
Info: Nothing to build for ex4
Info: Nothing to build for ex1
Info: Nothing to build for ex4
Info: Nothing to build for ex1
Info: Nothing to build for ex4
Info: Nothing to build for ex1
Info: Nothing to build for ex4
Info: Nothing to build for ex4
Info: Nothing to build for ex1
Info: Nothing to build for ex4
Info: Nothing to build for ex1
Info: Nothing to build for ex4
Info: Nothing to build for ex1
Info: Nothing to build for ex4
Info: Nothing to build for ex1
Info: Nothing to build for ex4
Info: Nothing to build for ex1
Info: Nothing to build for ex4
Info: Nothing to build for ex1
Info: Nothing to build for ex4
Info: Nothing to build for ex1
Info: Nothing to build for ex4
Info: Nothing to build for ex1
23:15:41 **** Incremental Build of configuration Debug for project ex2 ****
Info: Internal Builder is used for build
gcc -o ex2.exe "src\\ex2.o" 
Info: Nothing to build for ex4
Info: Nothing to build for ex1
Info: Nothing to build for ex2
23:19:33 **** Rebuild of configuration Debug for project ex3 ****
Info: Internal Builder is used for build
gcc -O0 -g3 -Wall -c -fmessage-length=0 -o ex.o "..\\ex.c" 
gcc -o ex3.exe ex.o 
c:/mingw/bin/../lib/gcc/mingw32/6.3.0/../../../libmingw32.a(main.o):(.text.startup+0xa0): undefined reference to `WinMain@16'
collect2.exe: error: ld returned 1 exit status
Info: Nothing to build for ex4
Info: Nothing to build for ex1
Info: Nothing to build for ex2
23:20:41 **** Incremental Build of configuration Debug for project ex3 ****
Info: Internal Builder is used for build
gcc -O0 -g3 -Wall -c -fmessage-length=0 -o ex3.o "..\\ex3.c" 
..\ex3.c: In function 'main':
..\ex3.c:23:2: error: expected declaration or statement at end of input
  return 0;
  ^~~~~~
Info: Nothing to build for ex4
Info: Nothing to build for ex1
Info: Nothing to build for ex2
23:22:00 **** Incremental Build of configuration Debug for project ex3 ****
Info: Internal Builder is used for build
gcc -O0 -g3 -Wall -c -fmessage-length=0 -o ex3edited.o "..\\ex3edited.c" 
..\ex3edited.c: In function 'main':
..\ex3edited.c:23:2: error: expected declaration or statement at end of input
  return 0;
  ^~~~~~
Info: Nothing to build for ex4
Info: Nothing to build for ex1
Info: Nothing to build for ex2
23:22:06 **** Incremental Build of configuration Debug for project ex3 ****
Info: Internal Builder is used for build
gcc -O0 -g3 -Wall -c -fmessage-length=0 -o ex3edited.o "..\\ex3edited.c" 
..\ex3edited.c: In function 'main':
..\ex3edited.c:23:2: error: expected declaration or statement at end of input
  return 0;
  ^~~~~~
Info: Nothing to build for ex4
Info: Nothing to build for ex1
Info: Nothing to build for ex2
23:22:08 **** Incremental Build of configuration Debug for project ex3 ****
Info: Internal Builder is used for build
gcc -O0 -g3 -Wall -c -fmessage-length=0 -o ex3edited.o "..\\ex3edited.c" 
..\ex3edited.c: In function 'main':
..\ex3edited.c:23:2: error: expected declaration or statement at end of input
  return 0;
  ^~~~~~
Info: Nothing to build for ex4
Info: Nothing to build for ex1
Info: Nothing to build for ex2
23:22:18 **** Incremental Build of configuration Debug for project ex3 ****
Info: Internal Builder is used for build
gcc -O0 -g3 -Wall -c -fmessage-length=0 -o ex3edited.o "..\\ex3edited.c" 
..\ex3edited.c: In function 'main':
..\ex3edited.c:23:2: error: expected declaration or statement at end of input
  return 0;
  ^~~~~~
Info: Nothing to build for ex4
Info: Nothing to build for ex1
Info: Nothing to build for ex2
23:24:56 **** Rebuild of configuration Debug for project ex3 ****
Info: Internal Builder is used for build
gcc -O0 -g3 -Wall -c -fmessage-length=0 -o ex3.o "..\\ex3.c" 
gcc -o ex3.exe ex3.o 
c:/mingw/bin/../lib/gcc/mingw32/6.3.0/../../../libmingw32.a(main.o):(.text.startup+0xa0): undefined reference to `WinMain@16'
collect2.exe: error: ld returned 1 exit status
Info: Nothing to build for ex4
Info: Nothing to build for ex1
Info: Nothing to build for ex2
23:25:24 **** Incremental Build of configuration Debug for project ex3 ****
Info: Internal Builder is used for build
gcc -o ex3.exe ex3.o 
c:/mingw/bin/../lib/gcc/mingw32/6.3.0/../../../libmingw32.a(main.o):(.text.startup+0xa0): undefined reference to `WinMain@16'
collect2.exe: error: ld returned 1 exit status
Info: Nothing to build for ex4
Info: Nothing to build for ex1
Info: Nothing to build for ex2
23:26:39 **** Incremental Build of configuration Debug for project ex3 ****
Info: Internal Builder is used for build
gcc -O0 -g3 -Wall -c -fmessage-length=0 -o ex3.o "..\\ex3.c" 
gcc -o ex3.exe ex3.o 
Info: Nothing to build for ex4
Info: Nothing to build for ex1
Info: Nothing to build for ex2
Info: Nothing to build for ex3
Info: Nothing to build for ex4
Info: Nothing to build for ex3
Info: Nothing to build for ex3
Info: Nothing to build for ex3
Info: Nothing to build for ex3
Info: Nothing to build for ex3
Info: Nothing to build for ex3
Info: Nothing to build for ex3
Info: Nothing to build for ex3
Info: Nothing to build for ex3
Info: Nothing to build for ex1
Info: Nothing to build for ex2
Info: Nothing to build for ex3
Info: Nothing to build for ex4
Info: Nothing to build for ex3
Info: Nothing to build for ex4
Info: Nothing to build for ex4
Info: Nothing to build for ex1
Info: Nothing to build for ex1
Info: Nothing to build for ex4
Info: Nothing to build for ex1
Info: Nothing to build for ex2
Info: Nothing to build for ex3
Info: Nothing to build for ex4
Info: Nothing to build for ex4
Info: Nothing to build for ex1
Info: Nothing to build for ex2
Info: Nothing to build for ex3
Info: Nothing to build for ex4
Info: Nothing to build for ex1
Info: Nothing to build for ex2
Info: Nothing to build for ex3
Info: Nothing to build for ex4
Info: Nothing to build for ex1
Info: Nothing to build for ex2
Info: Nothing to build for ex3
Info: Nothing to build for ex4
Info: Nothing to build for ex1
Info: Nothing to build for ex2
Info: Nothing to build for ex3
23:32:52 **** Incremental Build of configuration Debug for project ex4 ****
Info: Internal Builder is used for build
gcc -O0 -g3 -Wall -c -fmessage-length=0 -o "src\\ex4.o" "..\\src\\ex4.c" 
..\src\ex4.c: In function 'main':
..\src\ex4.c:24:2: warning: implicit declaration of function 'prinf' [-Wimplicit-function-declaration]
  prinf("\nproduct= %f" ,product);
  ^~~~~
gcc -o ex4.exe "src\\ex4.o" 
c:/mingw/bin/../lib/gcc/mingw32/6.3.0/../../../../mingw32/bin/ld.exe: cannot open output file ex4.exe: Permission denied
collect2.exe: error: ld returned 1 exit status
Info: Nothing to build for ex1
Info: Nothing to build for ex2
Info: Nothing to build for ex3
23:33:05 **** Incremental Build of configuration Debug for project ex4 ****
Info: Internal Builder is used for build
gcc -o ex4.exe "src\\ex4.o" 
c:/mingw/bin/../lib/gcc/mingw32/6.3.0/../../../../mingw32/bin/ld.exe: cannot open output file ex4.exe: Permission denied
collect2.exe: error: ld returned 1 exit status
Info: Nothing to build for ex1
Info: Nothing to build for ex2
Info: Nothing to build for ex3
23:33:07 **** Incremental Build of configuration Debug for project ex4 ****
Info: Internal Builder is used for build
gcc -o ex4.exe "src\\ex4.o" 
c:/mingw/bin/../lib/gcc/mingw32/6.3.0/../../../../mingw32/bin/ld.exe: cannot open output file ex4.exe: Permission denied
collect2.exe: error: ld returned 1 exit status
Info: Nothing to build for ex1
Info: Nothing to build for ex2
Info: Nothing to build for ex3
23:33:13 **** Incremental Build of configuration Debug for project ex4 ****
Info: Internal Builder is used for build
gcc -O0 -g3 -Wall -c -fmessage-length=0 -o "src\\ex4.o" "..\\src\\ex4.c" 
gcc -o ex4.exe "src\\ex4.o" 
c:/mingw/bin/../lib/gcc/mingw32/6.3.0/../../../../mingw32/bin/ld.exe: cannot open output file ex4.exe: Permission denied
collect2.exe: error: ld returned 1 exit status
Info: Nothing to build for ex1
Info: Nothing to build for ex2
Info: Nothing to build for ex3
23:35:34 **** Incremental Build of configuration Debug for project ex4 ****
Info: Internal Builder is used for build
gcc -o ex4.exe "src\\ex4.o" 
Info: Nothing to build for ex4
Info: Nothing to build for ex4
Info: Nothing to build for ex4
Info: Nothing to build for ex1
Info: Nothing to build for ex2
Info: Nothing to build for ex3
Info: Nothing to build for ex4
Info: Nothing to build for ex4
Info: Nothing to build for ex4
Info: Nothing to build for ex3
Info: Nothing to build for ex4
Info: Nothing to build for ex1
Info: Nothing to build for ex2
Info: Nothing to build for ex3
Info: Nothing to build for ex4
Info: Nothing to build for ex1
Info: Nothing to build for ex2
Info: Nothing to build for ex3
Info: Nothing to build for ex4
Info: Nothing to build for ex1
Info: Nothing to build for ex2
Info: Nothing to build for ex3
Info: Nothing to build for ex4
Info: Nothing to build for ex1
Info: Nothing to build for ex2
Info: Nothing to build for ex3
Info: Nothing to build for ex4
Info: Nothing to build for ex1
Info: Nothing to build for ex2
Info: Nothing to build for ex3
23:37:30 **** Incremental Build of configuration Debug for project ex4 ****
Info: Internal Builder is used for build
gcc -O0 -g3 -Wall -c -fmessage-length=0 -o "src\\ex4.o" "..\\src\\ex4.c" 
gcc -o ex4.exe "src\\ex4.o" 
c:/mingw/bin/../lib/gcc/mingw32/6.3.0/../../../../mingw32/bin/ld.exe: cannot open output file ex4.exe: Permission denied
collect2.exe: error: ld returned 1 exit status
23:37:36 **** Incremental Build of configuration Debug for project ex4 ****
Info: Internal Builder is used for build
gcc -o ex4.exe "src\\ex4.o" 
c:/mingw/bin/../lib/gcc/mingw32/6.3.0/../../../../mingw32/bin/ld.exe: cannot open output file ex4.exe: Permission denied
collect2.exe: error: ld returned 1 exit status
Info: Nothing to build for ex1
Info: Nothing to build for ex2
Info: Nothing to build for ex3
00:01:35 **** Incremental Build of configuration Debug for project ex4 ****
Info: Internal Builder is used for build
gcc -o ex4.exe "src\\ex4.o" 
Info: Nothing to build for ex4
Info: Nothing to build for ex4
Info: Nothing to build for ex4
Info: Nothing to build for ex4
Info: Nothing to build for ex1
Info: Nothing to build for ex2
Info: Nothing to build for ex3
Info: Nothing to build for ex4
Info: Nothing to build for ex1
Info: Nothing to build for ex2
Info: Nothing to build for ex3
Info: Nothing to build for ex4
Info: Nothing to build for ex1
Info: Nothing to build for ex1
Info: Nothing to build for ex2
Info: Nothing to build for ex3
Info: Nothing to build for ex4
Info: Nothing to build for ex1
Info: Nothing to build for ex2
Info: Nothing to build for ex3
Info: Nothing to build for ex4
Info: Nothing to build for ex1
Info: Nothing to build for ex1
Info: Nothing to build for ex2
Info: Nothing to build for ex3
Info: Nothing to build for ex4
Info: Nothing to build for ex1
Info: Nothing to build for ex2
Info: Nothing to build for ex3
Info: Nothing to build for ex4
Info: Nothing to build for ex1
Info: Nothing to build for ex2
Info: Nothing to build for ex3
Info: Nothing to build for ex4
Info: Nothing to build for ex4
00:04:50 **** Incremental Build of configuration Debug for project ex4 ****
Info: Internal Builder is used for build
gcc -O0 -g3 -Wall -c -fmessage-length=0 -o "src\\ex4.o" "..\\src\\ex4.c" 
gcc -o ex4.exe "src\\ex4.o" 
c:/mingw/bin/../lib/gcc/mingw32/6.3.0/../../../../mingw32/bin/ld.exe: cannot open output file ex4.exe: Permission denied
collect2.exe: error: ld returned 1 exit status
Info: Nothing to build for ex1
Info: Nothing to build for ex2
Info: Nothing to build for ex3
00:04:57 **** Incremental Build of configuration Debug for project ex4 ****
Info: Internal Builder is used for build
gcc -o ex4.exe "src\\ex4.o" 
c:/mingw/bin/../lib/gcc/mingw32/6.3.0/../../../../mingw32/bin/ld.exe: cannot open output file ex4.exe: Permission denied
collect2.exe: error: ld returned 1 exit status
Info: Nothing to build for ex1
Info: Nothing to build for ex2
Info: Nothing to build for ex3
00:05:03 **** Incremental Build of configuration Debug for project ex4 ****
Info: Internal Builder is used for build
gcc -o ex4.exe "src\\ex4.o" 
c:/mingw/bin/../lib/gcc/mingw32/6.3.0/../../../../mingw32/bin/ld.exe: cannot open output file ex4.exe: Permission denied
collect2.exe: error: ld returned 1 exit status
Info: Nothing to build for ex1
Info: Nothing to build for ex2
Info: Nothing to build for ex3
00:06:51 **** Incremental Build of configuration Debug for project ex4 ****
Info: Internal Builder is used for build
gcc -o ex4.exe "src\\ex4.o" 
c:/mingw/bin/../lib/gcc/mingw32/6.3.0/../../../../mingw32/bin/ld.exe: cannot open output file ex4.exe: Permission denied
collect2.exe: error: ld returned 1 exit status
00:07:03 **** Incremental Build of configuration Debug for project ex4 ****
Info: Internal Builder is used for build
gcc -o ex4.exe "src\\ex4.o" 
c:/mingw/bin/../lib/gcc/mingw32/6.3.0/../../../../mingw32/bin/ld.exe: cannot open output file ex4.exe: Permission denied
collect2.exe: error: ld returned 1 exit status
Info: Nothing to build for ex1
Info: Nothing to build for ex2
Info: Nothing to build for ex3
00:07:08 **** Incremental Build of configuration Debug for project ex4 ****
Info: Internal Builder is used for build
gcc -o ex4.exe "src\\ex4.o" 
c:/mingw/bin/../lib/gcc/mingw32/6.3.0/../../../../mingw32/bin/ld.exe: cannot open output file ex4.exe: Permission denied
collect2.exe: error: ld returned 1 exit status
Info: Nothing to build for ex1
Info: Nothing to build for ex2
Info: Nothing to build for ex3
00:07:47 **** Incremental Build of configuration Debug for project ex4 ****
Info: Internal Builder is used for build
gcc -o ex4.exe "src\\ex4.o" 
c:/mingw/bin/../lib/gcc/mingw32/6.3.0/../../../../mingw32/bin/ld.exe: cannot open output file ex4.exe: Permission denied
collect2.exe: error: ld returned 1 exit status
Info: Nothing to build for ex1
00:08:21 **** Incremental Build of configuration Debug for project ex4 ****
Info: Internal Builder is used for build
gcc -o ex4.exe "src\\ex4.o" 
c:/mingw/bin/../lib/gcc/mingw32/6.3.0/../../../../mingw32/bin/ld.exe: cannot open output file ex4.exe: Permission denied
collect2.exe: error: ld returned 1 exit status
Info: Nothing to build for ex1
Info: Nothing to build for ex2
Info: Nothing to build for ex3
00:08:56 **** Incremental Build of configuration Debug for project ex4 ****
Info: Internal Builder is used for build
gcc -o ex4.exe "src\\ex4.o" 
c:/mingw/bin/../lib/gcc/mingw32/6.3.0/../../../../mingw32/bin/ld.exe: cannot open output file ex4.exe: Permission denied
collect2.exe: error: ld returned 1 exit status
Info: Nothing to build for ex1
Info: Nothing to build for ex2
Info: Nothing to build for ex3
00:09:28 **** Incremental Build of configuration Debug for project ex4 ****
Info: Internal Builder is used for build
gcc -o ex4.exe "src\\ex4.o" 
Info: Nothing to build for ex4
Info: Nothing to build for ex4
Info: Nothing to build for ex1
Info: Nothing to build for ex2
Info: Nothing to build for ex3
Info: Nothing to build for ex4
Info: Nothing to build for ex1
Info: Nothing to build for ex2
Info: Nothing to build for ex3
00:16:52 **** Incremental Build of configuration Debug for project ex4 ****
Info: Internal Builder is used for build
gcc -o ex4.exe "src\\ex4.o" 
Info: Nothing to build for ex4
Info: Nothing to build for ex1
Info: Nothing to build for ex2
Info: Nothing to build for ex3
Info: Nothing to build for ex4
Info: Nothing to build for ex4
Info: Nothing to build for ex4
Info: Nothing to build for ex4
Info: Nothing to build for ex1
Info: Nothing to build for ex2
Info: Nothing to build for ex3
Info: Nothing to build for ex4
Info: Nothing to build for ex1
Info: Nothing to build for ex2
Info: Nothing to build for ex3
Info: Nothing to build for ex4
Info: Nothing to build for ex1
Info: Nothing to build for ex2
Info: Nothing to build for ex3
Info: Nothing to build for ex4
Info: Nothing to build for ex4
Info: Nothing to build for ex1
Info: Nothing to build for ex2
Info: Nothing to build for ex3
Info: Nothing to build for ex4
Info: Nothing to build for ex4
Info: Nothing to build for ex4
Info: Nothing to build for ex4
Info: Nothing to build for ex4
Info: Nothing to build for ex1
Info: Nothing to build for ex1
Info: Nothing to build for ex1
Info: Nothing to build for ex1
Info: Nothing to build for ex2
Info: Nothing to build for ex3
Info: Nothing to build for ex4
Info: Nothing to build for ex1
Info: Nothing to build for ex4
Info: Nothing to build for ex4
Info: Nothing to build for ex4
Info: Nothing to build for ex4
Info: Nothing to build for ex4
Info: Nothing to build for ex2
Info: Nothing to build for ex2
Info: Nothing to build for ex1
Info: Nothing to build for ex2
Info: Nothing to build for ex3
Info: Nothing to build for ex4
20:33:52 **** Rebuild of configuration Debug for project ex5 ****
Info: Internal Builder is used for build
gcc -O0 -g3 -Wall -c -fmessage-length=0 -o ex.o "..\\ex.c" 
gcc -o ex5.exe ex.o 
c:/mingw/bin/../lib/gcc/mingw32/6.3.0/../../../libmingw32.a(main.o):(.text.startup+0xa0): undefined reference to `WinMain@16'
collect2.exe: error: ld returned 1 exit status
Info: Nothing to build for ex1
Info: Nothing to build for ex2
Info: Nothing to build for ex3
Info: Nothing to build for ex4
20:34:02 **** Incremental Build of configuration Debug for project ex5 ****
Info: Internal Builder is used for build
gcc -o ex5.exe ex.o 
c:/mingw/bin/../lib/gcc/mingw32/6.3.0/../../../libmingw32.a(main.o):(.text.startup+0xa0): undefined reference to `WinMain@16'
collect2.exe: error: ld returned 1 exit status
Info: Nothing to build for ex1
Info: Nothing to build for ex2
Info: Nothing to build for ex3
Info: Nothing to build for ex4
20:34:05 **** Incremental Build of configuration Debug for project ex5 ****
Info: Internal Builder is used for build
gcc -o ex5.exe ex.o 
c:/mingw/bin/../lib/gcc/mingw32/6.3.0/../../../libmingw32.a(main.o):(.text.startup+0xa0): undefined reference to `WinMain@16'
collect2.exe: error: ld returned 1 exit status
Info: Nothing to build for ex1
Info: Nothing to build for ex2
Info: Nothing to build for ex3
Info: Nothing to build for ex4
20:34:10 **** Incremental Build of configuration Debug for project ex5 ****
Info: Internal Builder is used for build
gcc -o ex5.exe ex.o 
c:/mingw/bin/../lib/gcc/mingw32/6.3.0/../../../libmingw32.a(main.o):(.text.startup+0xa0): undefined reference to `WinMain@16'
collect2.exe: error: ld returned 1 exit status
Info: Nothing to build for ex1
Info: Nothing to build for ex2
Info: Nothing to build for ex3
Info: Nothing to build for ex4
20:34:32 **** Incremental Build of configuration Debug for project ex5 ****
Info: Internal Builder is used for build
gcc -O0 -g3 -Wall -c -fmessage-length=0 -o ex.o "..\\ex.c" 
gcc -o ex5.exe ex.o 
Info: Nothing to build for ex1
Info: Nothing to build for ex2
Info: Nothing to build for ex3
Info: Nothing to build for ex4
20:34:51 **** Incremental Build of configuration Debug for project ex5 ****
Info: Internal Builder is used for build
gcc -O0 -g3 -Wall -c -fmessage-length=0 -o ex.o "..\\ex.c" 
gcc -o ex5.exe ex.o 
Info: Nothing to build for ex5
Info: Nothing to build for ex1
Info: Nothing to build for ex2
Info: Nothing to build for ex3
Info: Nothing to build for ex4
20:35:18 **** Incremental Build of configuration Debug for project ex5 ****
Info: Internal Builder is used for build
gcc -O0 -g3 -Wall -c -fmessage-length=0 -o ex.o "..\\ex.c" 
gcc -o ex5.exe ex.o 
Info: Nothing to build for ex5
Info: Nothing to build for ex1
Info: Nothing to build for ex2
Info: Nothing to build for ex3
Info: Nothing to build for ex4
20:39:08 **** Incremental Build of configuration Debug for project ex5 ****
Info: Internal Builder is used for build
gcc -O0 -g3 -Wall -c -fmessage-length=0 -o ex.o "..\\ex.c" 
..\ex.c: In function 'main':
..\ex.c:18:2: warning: statement with no effect [-Wunused-value]
  fflush
  ^~~~~~
..\ex.c:20:2: error: expected ';' before 'scanf'
  scanf("%c", &character);
  ^~~~~
Info: Nothing to build for ex1
Info: Nothing to build for ex2
Info: Nothing to build for ex3
Info: Nothing to build for ex4
20:45:11 **** Incremental Build of configuration Debug for project ex5 ****
Info: Internal Builder is used for build
gcc -O0 -g3 -Wall -c -fmessage-length=0 -o ex.o "..\\ex.c" 
..\ex.c: In function 'main':
..\ex.c:18:2: error: too few arguments to function 'fflush'
  fflush()
  ^~~~~~
In file included from ..\ex.c:9:0:
c:\mingw\include\stdio.h:262:41: note: declared here
 _CRTIMP __cdecl __MINGW_NOTHROW  int    fflush (FILE *);
                                         ^~~~~~
..\ex.c:20:2: error: expected ';' before 'scanf'
  scanf("%c", &character);
  ^~~~~
Info: Nothing to build for ex1
Info: Nothing to build for ex2
Info: Nothing to build for ex3
Info: Nothing to build for ex4
20:45:25 **** Incremental Build of configuration Debug for project ex5 ****
Info: Internal Builder is used for build
gcc -O0 -g3 -Wall -c -fmessage-length=0 -o ex.o "..\\ex.c" 
gcc -o ex5.exe ex.o 
Info: Nothing to build for ex5
Info: Nothing to build for ex1
Info: Nothing to build for ex2
Info: Nothing to build for ex3
Info: Nothing to build for ex4
21:46:16 **** Incremental Build of configuration Debug for project ex5 ****
Info: Internal Builder is used for build
gcc -O0 -g3 -Wall -c -fmessage-length=0 -o ex5.o "..\\ex5.c" 
gcc -o ex5.exe ex5.o 
Info: Nothing to build for ex5
Info: Nothing to build for ex1
Info: Nothing to build for ex2
Info: Nothing to build for ex3
21:49:58 **** Incremental Build of configuration Debug for project ex4 ****
Info: Internal Builder is used for build
gcc -O0 -g3 -Wall -c -fmessage-length=0 -o "src\\ex4.o" "..\\src\\ex4.c" 
gcc -o ex4.exe "src\\ex4.o" 
Info: Nothing to build for ex5
Info: Nothing to build for ex4
Info: Nothing to build for ex4
Info: Nothing to build for ex1
Info: Nothing to build for ex2
21:52:41 **** Incremental Build of configuration Debug for project ex3 ****
Info: Internal Builder is used for build
gcc -O0 -g3 -Wall -c -fmessage-length=0 -o ex3.o "..\\ex3.c" 
gcc -o ex3.exe ex3.o 
Info: Nothing to build for ex4
Info: Nothing to build for ex5
Info: Nothing to build for ex3
21:54:46 **** Incremental Build of configuration Debug for project ex2 ****
Info: Internal Builder is used for build
gcc -O0 -g3 -Wall -c -fmessage-length=0 -o "src\\ex2.o" "..\\src\\ex2.c" 
gcc -o ex2.exe "src\\ex2.o" 
Info: Nothing to build for ex1
Info: Nothing to build for ex2
Info: Nothing to build for ex3
Info: Nothing to build for ex4
Info: Nothing to build for ex5
22:04:56 **** Rebuild of configuration Debug for project ex6 ****
Info: Internal Builder is used for build
gcc -O0 -g3 -Wall -c -fmessage-length=0 -o ex6.o "..\\ex6.c" 
..\ex6.c: In function 'main':
..\ex6.c:17:9: warning: too many arguments for format [-Wformat-extra-args]
  printf("Enter value of a: ","\nEnter value of b:");
         ^~~~~~~~~~~~~~~~~~~~
..\ex6.c:15:10: warning: unused variable 'b' [-Wunused-variable]
  float a,b;
          ^
..\ex6.c:15:8: warning: unused variable 'a' [-Wunused-variable]
  float a,b;
        ^
gcc -o ex6.exe ex6.o 
22:05:00 **** Incremental Build of configuration Debug for project ex6 ****
Info: Internal Builder is used for build
gcc -O0 -g3 -Wall -c -fmessage-length=0 -o ex6.o "..\\ex6.c" 
..\ex6.c: In function 'main':
..\ex6.c:17:9: warning: too many arguments for format [-Wformat-extra-args]
  printf("Enter value of a: ","\nEnter value of b:");
         ^~~~~~~~~~~~~~~~~~~~
gcc -o ex6.exe ex6.o 
Info: Nothing to build for ex1
Info: Nothing to build for ex2
Info: Nothing to build for ex3
Info: Nothing to build for ex4
Info: Nothing to build for ex5
Info: Nothing to build for ex6
Info: Nothing to build for ex1
Info: Nothing to build for ex2
Info: Nothing to build for ex3
Info: Nothing to build for ex4
Info: Nothing to build for ex5
Info: Nothing to build for ex6
Info: Nothing to build for ex1
Info: Nothing to build for ex2
Info: Nothing to build for ex3
Info: Nothing to build for ex4
Info: Nothing to build for ex5
Info: Nothing to build for ex6
Info: Nothing to build for ex1
Info: Nothing to build for ex2
Info: Nothing to build for ex3
Info: Nothing to build for ex4
Info: Nothing to build for ex5
Info: Nothing to build for ex6
Info: Nothing to build for ex1
Info: Nothing to build for ex2
Info: Nothing to build for ex3
Info: Nothing to build for ex4
Info: Nothing to build for ex5
22:07:32 **** Incremental Build of configuration Debug for project ex6 ****
Info: Internal Builder is used for build
gcc -O0 -g3 -Wall -c -fmessage-length=0 -o ex6.o "..\\ex6.c" 
gcc -o ex6.exe ex6.o 
c:/mingw/bin/../lib/gcc/mingw32/6.3.0/../../../../mingw32/bin/ld.exe: cannot open output file ex6.exe: Permission denied
collect2.exe: error: ld returned 1 exit status
22:07:44 **** Incremental Build of configuration Debug for project ex6 ****
Info: Internal Builder is used for build
gcc -o ex6.exe ex6.o 
c:/mingw/bin/../lib/gcc/mingw32/6.3.0/../../../../mingw32/bin/ld.exe: cannot open output file ex6.exe: Permission denied
collect2.exe: error: ld returned 1 exit status
Info: Nothing to build for ex1
Info: Nothing to build for ex2
Info: Nothing to build for ex3
Info: Nothing to build for ex4
Info: Nothing to build for ex5
22:08:00 **** Incremental Build of configuration Debug for project ex6 ****
Info: Internal Builder is used for build
gcc -o ex6.exe ex6.o 
c:/mingw/bin/../lib/gcc/mingw32/6.3.0/../../../../mingw32/bin/ld.exe: cannot open output file ex6.exe: Permission denied
collect2.exe: error: ld returned 1 exit status
Info: Nothing to build for ex1
Info: Nothing to build for ex2
Info: Nothing to build for ex3
Info: Nothing to build for ex4
Info: Nothing to build for ex5
22:08:45 **** Incremental Build of configuration Debug for project ex6 ****
Info: Internal Builder is used for build
gcc -o ex6.exe ex6.o 
Info: Nothing to build for ex6
22:09:00 **** Incremental Build of configuration Debug for project ex6 ****
Info: Internal Builder is used for build
gcc -O0 -g3 -Wall -c -fmessage-length=0 -o ex6.o "..\\ex6.c" 
gcc -o ex6.exe ex6.o 
c:/mingw/bin/../lib/gcc/mingw32/6.3.0/../../../../mingw32/bin/ld.exe: cannot open output file ex6.exe: Permission denied
collect2.exe: error: ld returned 1 exit status
Info: Nothing to build for ex1
Info: Nothing to build for ex2
Info: Nothing to build for ex3
Info: Nothing to build for ex4
Info: Nothing to build for ex5
22:09:29 **** Incremental Build of configuration Debug for project ex6 ****
Info: Internal Builder is used for build
gcc -o ex6.exe ex6.o 
Info: Nothing to build for ex6
Info: Nothing to build for ex1
Info: Nothing to build for ex2
Info: Nothing to build for ex3
Info: Nothing to build for ex4
Info: Nothing to build for ex5
22:11:11 **** Incremental Build of configuration Debug for project ex6 ****
Info: Internal Builder is used for build
gcc -O0 -g3 -Wall -c -fmessage-length=0 -o ex6.o "..\\ex6.c" 
gcc -o ex6.exe ex6.o 
Info: Nothing to build for ex6
Info: Nothing to build for ex6
Info: Nothing to build for ex1
Info: Nothing to build for ex2
Info: Nothing to build for ex3
Info: Nothing to build for ex4
Info: Nothing to build for ex5
22:15:55 **** Incremental Build of configuration Debug for project ex6 ****
Info: Internal Builder is used for build
gcc -O0 -g3 -Wall -c -fmessage-length=0 -o ex6.o "..\\ex6.c" 
gcc -o ex6.exe ex6.o 
c:/mingw/bin/../lib/gcc/mingw32/6.3.0/../../../../mingw32/bin/ld.exe: cannot open output file ex6.exe: Permission denied
collect2.exe: error: ld returned 1 exit status
Info: Nothing to build for ex1
Info: Nothing to build for ex2
Info: Nothing to build for ex3
Info: Nothing to build for ex4
Info: Nothing to build for ex5
22:16:10 **** Incremental Build of configuration Debug for project ex6 ****
Info: Internal Builder is used for build
gcc -o ex6.exe ex6.o 
Info: Nothing to build for ex6
Info: Nothing to build for ex1
Info: Nothing to build for ex2
Info: Nothing to build for ex3
Info: Nothing to build for ex4
Info: Nothing to build for ex5
22:16:55 **** Incremental Build of configuration Debug for project ex6 ****
Info: Internal Builder is used for build
gcc -O0 -g3 -Wall -c -fmessage-length=0 -o ex6.o "..\\ex6.c" 
gcc -o ex6.exe ex6.o 
Info: Nothing to build for ex6
Info: Nothing to build for ex1
Info: Nothing to build for ex2
Info: Nothing to build for ex3
Info: Nothing to build for ex4
Info: Nothing to build for ex5
22:20:02 **** Incremental Build of configuration Debug for project ex6 ****
Info: Internal Builder is used for build
gcc -O0 -g3 -Wall -c -fmessage-length=0 -o ex6.o "..\\ex6.c" 
gcc -o ex6.exe ex6.o 
Info: Nothing to build for ex6
Info: Nothing to build for ex1
Info: Nothing to build for ex2
Info: Nothing to build for ex3
Info: Nothing to build for ex4
Info: Nothing to build for ex5
Info: Nothing to build for ex6
22:33:27 **** Rebuild of configuration Debug for project ex7 ****
Info: Internal Builder is used for build
gcc -O0 -g3 -Wall -c -fmessage-length=0 -o ex7.o "..\\ex7.c" 
gcc -o ex7.exe ex7.o 
c:/mingw/bin/../lib/gcc/mingw32/6.3.0/../../../libmingw32.a(main.o):(.text.startup+0xa0): undefined reference to `WinMain@16'
collect2.exe: error: ld returned 1 exit status
Info: Nothing to build for ex1
Info: Nothing to build for ex2
Info: Nothing to build for ex3
Info: Nothing to build for ex4
Info: Nothing to build for ex5
Info: Nothing to build for ex6
22:33:35 **** Incremental Build of configuration Debug for project ex7 ****
Info: Internal Builder is used for build
gcc -O0 -g3 -Wall -c -fmessage-length=0 -o ex7.o "..\\ex7.c" 
gcc -o ex7.exe ex7.o 
Info: Nothing to build for ex7
