15:00:15 **** Rebuild of configuration Debug for project ex1 ****
Info: Internal Builder is used for build
gcc -O0 -g3 -Wall -c -fmessage-length=0 -o main.o "..\\main.c" 
..\main.c: In function 'main':
..\main.c:28:7: error: array size missing in 'num'
  char num[];
       ^~~
15:00:25 **** Incremental Build of configuration Debug for project ex1 ****
Info: Internal Builder is used for build
gcc -O0 -g3 -Wall -c -fmessage-length=0 -o main.o "..\\main.c" 
gcc -o ex1.exe main.o 
Info: Nothing to build for ex1
15:21:10 **** Incremental Build of configuration Debug for project ex1 ****
Info: Internal Builder is used for build
gcc -O0 -g3 -Wall -c -fmessage-length=0 -o main.o "..\\main.c" 
gcc -o ex1.exe main.o 
Info: Nothing to build for ex1
15:23:00 **** Incremental Build of configuration Debug for project ex1 ****
Info: Internal Builder is used for build
gcc -O0 -g3 -Wall -c -fmessage-length=0 -o main.o "..\\main.c" 
gcc -o ex1.exe main.o 
c:/mingw/bin/../lib/gcc/mingw32/6.3.0/../../../../mingw32/bin/ld.exe: cannot open output file ex1.exe: Permission denied
collect2.exe: error: ld returned 1 exit status
15:23:03 **** Incremental Build of configuration Debug for project ex1 ****
Info: Internal Builder is used for build
gcc -o ex1.exe main.o 
c:/mingw/bin/../lib/gcc/mingw32/6.3.0/../../../../mingw32/bin/ld.exe: cannot open output file ex1.exe: Permission denied
collect2.exe: error: ld returned 1 exit status
15:23:10 **** Incremental Build of configuration Debug for project ex1 ****
Info: Internal Builder is used for build
gcc -o ex1.exe main.o 
Info: Nothing to build for ex1
15:23:33 **** Incremental Build of configuration Debug for project ex1 ****
Info: Internal Builder is used for build
gcc -O0 -g3 -Wall -c -fmessage-length=0 -o main.o "..\\main.c" 
gcc -o ex1.exe main.o 
c:/mingw/bin/../lib/gcc/mingw32/6.3.0/../../../../mingw32/bin/ld.exe: cannot open output file ex1.exe: Permission denied
collect2.exe: error: ld returned 1 exit status
15:23:36 **** Incremental Build of configuration Debug for project ex1 ****
Info: Internal Builder is used for build
gcc -o ex1.exe main.o 
c:/mingw/bin/../lib/gcc/mingw32/6.3.0/../../../../mingw32/bin/ld.exe: cannot open output file ex1.exe: Permission denied
collect2.exe: error: ld returned 1 exit status
15:23:43 **** Incremental Build of configuration Debug for project ex1 ****
Info: Internal Builder is used for build
gcc -o ex1.exe main.o 
Info: Nothing to build for ex1
15:24:34 **** Incremental Build of configuration Debug for project ex1 ****
Info: Internal Builder is used for build
gcc -O0 -g3 -Wall -c -fmessage-length=0 -o main.o "..\\main.c" 
gcc -o ex1.exe main.o 
c:/mingw/bin/../lib/gcc/mingw32/6.3.0/../../../../mingw32/bin/ld.exe: cannot open output file ex1.exe: Permission denied
collect2.exe: error: ld returned 1 exit status
15:24:37 **** Incremental Build of configuration Debug for project ex1 ****
Info: Internal Builder is used for build
gcc -o ex1.exe main.o 
c:/mingw/bin/../lib/gcc/mingw32/6.3.0/../../../../mingw32/bin/ld.exe: cannot open output file ex1.exe: Permission denied
collect2.exe: error: ld returned 1 exit status
15:24:44 **** Incremental Build of configuration Debug for project ex1 ****
Info: Internal Builder is used for build
gcc -o ex1.exe main.o 
Info: Nothing to build for ex1
Info: Nothing to build for ex1
15:39:21 **** Incremental Build of configuration Debug for project ex1 ****
Info: Internal Builder is used for build
gcc -O0 -g3 -Wall -c -fmessage-length=0 -o main.o "..\\main.c" 
gcc -o ex1.exe main.o 
15:39:22 **** Rebuild of configuration Debug for project ex2 ****
Info: Internal Builder is used for build
gcc -O0 -g3 -Wall -c -fmessage-length=0 -o main.o "..\\main.c" 
gcc -o ex2.exe main.o 
c:/mingw/bin/../lib/gcc/mingw32/6.3.0/../../../libmingw32.a(main.o):(.text.startup+0xa0): undefined reference to `WinMain@16'
collect2.exe: error: ld returned 1 exit status
Info: Nothing to build for ex1
Info: Nothing to build for ex1
15:51:09 **** Incremental Build of configuration Debug for project ex2 ****
Info: Internal Builder is used for build
gcc -O0 -g3 -Wall -c -fmessage-length=0 -o main.o "..\\main.c" 
gcc -o ex2.exe main.o 
Info: Nothing to build for ex2
Info: Nothing to build for ex1
15:52:06 **** Incremental Build of configuration Debug for project ex2 ****
Info: Internal Builder is used for build
gcc -O0 -g3 -Wall -c -fmessage-length=0 -o main.o "..\\main.c" 
gcc -o ex2.exe main.o 
Info: Nothing to build for ex2
Info: Nothing to build for ex2
Info: Nothing to build for ex1
15:53:35 **** Incremental Build of configuration Debug for project ex2 ****
Info: Internal Builder is used for build
gcc -O0 -g3 -Wall -c -fmessage-length=0 -o main.o "..\\main.c" 
gcc -o ex2.exe main.o 
Info: Nothing to build for ex2
Info: Nothing to build for ex1
15:53:48 **** Incremental Build of configuration Debug for project ex2 ****
Info: Internal Builder is used for build
gcc -O0 -g3 -Wall -c -fmessage-length=0 -o main.o "..\\main.c" 
gcc -o ex2.exe main.o 
Info: Nothing to build for ex2
Info: Nothing to build for ex1
15:53:59 **** Incremental Build of configuration Debug for project ex2 ****
Info: Internal Builder is used for build
gcc -O0 -g3 -Wall -c -fmessage-length=0 -o main.o "..\\main.c" 
gcc -o ex2.exe main.o 
Info: Nothing to build for ex2
Info: Nothing to build for ex1
Info: Nothing to build for ex2
15:57:51 **** Rebuild of configuration Debug for project ex3 ****
Info: Internal Builder is used for build
gcc -O0 -g3 -Wall -c -fmessage-length=0 -o main.o "..\\main.c" 
gcc -o ex3.exe main.o 
Info: Nothing to build for ex3
Info: Nothing to build for ex1
Info: Nothing to build for ex2
15:59:02 **** Incremental Build of configuration Debug for project ex3 ****
Info: Internal Builder is used for build
gcc -O0 -g3 -Wall -c -fmessage-length=0 -o main.o "..\\main.c" 
gcc -o ex3.exe main.o 
Info: Nothing to build for ex3
Info: Nothing to build for ex1
Info: Nothing to build for ex2
16:00:03 **** Incremental Build of configuration Debug for project ex3 ****
Info: Internal Builder is used for build
gcc -O0 -g3 -Wall -c -fmessage-length=0 -o main.o "..\\main.c" 
gcc -o ex3.exe main.o 
Info: Nothing to build for ex3
Info: Nothing to build for ex1
Info: Nothing to build for ex2
16:00:31 **** Incremental Build of configuration Debug for project ex3 ****
Info: Internal Builder is used for build
gcc -O0 -g3 -Wall -c -fmessage-length=0 -o main.o "..\\main.c" 
gcc -o ex3.exe main.o 
Info: Nothing to build for ex3
Info: Nothing to build for ex1
Info: Nothing to build for ex2
16:03:19 **** Incremental Build of configuration Debug for project ex3 ****
Info: Internal Builder is used for build
gcc -O0 -g3 -Wall -c -fmessage-length=0 -o main.o "..\\main.c" 
gcc -o ex3.exe main.o 
Info: Nothing to build for ex3
Info: Nothing to build for ex1
Info: Nothing to build for ex2
Info: Nothing to build for ex3
16:27:53 **** Rebuild of configuration Debug for project ex4 ****
Info: Internal Builder is used for build
gcc -O0 -g3 -Wall -c -fmessage-length=0 -o main.o "..\\main.c" 
..\main.c: In function 'main':
..\main.c:37:10: warning: implicit declaration of function 'strlen' [-Wimplicit-function-declaration]
  length= strlen(num);
          ^~~~~~
..\main.c:37:10: warning: incompatible implicit declaration of built-in function 'strlen'
..\main.c:37:10: note: include '<string.h>' or provide a declaration of 'strlen'
gcc -o ex4.exe main.o 
Info: Nothing to build for ex4
Info: Nothing to build for ex1
Info: Nothing to build for ex2
Info: Nothing to build for ex3
16:29:47 **** Incremental Build of configuration Debug for project ex4 ****
Info: Internal Builder is used for build
gcc -O0 -g3 -Wall -c -fmessage-length=0 -o main.o "..\\main.c" 
gcc -o ex4.exe main.o 
Info: Nothing to build for ex4
Info: Nothing to build for ex1
Info: Nothing to build for ex2
Info: Nothing to build for ex3
Info: Nothing to build for ex4
17:04:07 **** Rebuild of configuration Debug for project ex5 ****
Info: Internal Builder is used for build
gcc -O0 -g3 -Wall -c -fmessage-length=0 -o main.o "..\\main.c" 
..\main.c: In function 'count_of_ones':
..\main.c:33:6: warning: 'main' is normally a non-static function [-Wmain]
  int main()
      ^~~~
..\main.c: In function 'main':
..\main.c:36:13: warning: unused variable 'j' [-Wunused-variable]
   int num,i,j;
             ^
..\main.c:36:11: warning: unused variable 'i' [-Wunused-variable]
   int num,i,j;
           ^
..\main.c: In function 'count_of_ones':
..\main.c:44:2: error: expected declaration or statement at end of input
  }
  ^
..\main.c:44:2: warning: control reaches end of non-void function [-Wreturn-type]
  }
  ^
At top level:
..\main.c:33:6: warning: 'main' defined but not used [-Wunused-function]
  int main()
      ^~~~
Info: Nothing to build for ex1
Info: Nothing to build for ex2
Info: Nothing to build for ex3
Info: Nothing to build for ex4
17:04:35 **** Incremental Build of configuration Debug for project ex5 ****
Info: Internal Builder is used for build
gcc -O0 -g3 -Wall -c -fmessage-length=0 -o main.o "..\\main.c" 
..\main.c: In function 'count_of_ones':
..\main.c:33:6: warning: 'main' is normally a non-static function [-Wmain]
  int main()
      ^~~~
..\main.c: In function 'main':
..\main.c:36:13: warning: unused variable 'j' [-Wunused-variable]
   int num,i,j;
             ^
..\main.c:36:11: warning: unused variable 'i' [-Wunused-variable]
   int num,i,j;
           ^
..\main.c: In function 'count_of_ones':
..\main.c:44:2: error: expected declaration or statement at end of input
  }
  ^
..\main.c:44:2: warning: control reaches end of non-void function [-Wreturn-type]
  }
  ^
At top level:
..\main.c:33:6: warning: 'main' defined but not used [-Wunused-function]
  int main()
      ^~~~
Info: Nothing to build for ex1
Info: Nothing to build for ex2
Info: Nothing to build for ex3
Info: Nothing to build for ex4
17:05:22 **** Incremental Build of configuration Debug for project ex5 ****
Info: Internal Builder is used for build
gcc -O0 -g3 -Wall -c -fmessage-length=0 -o main.o "..\\main.c" 
..\main.c: In function 'count_of_ones':
..\main.c:34:6: warning: 'main' is normally a non-static function [-Wmain]
  int main()
      ^~~~
..\main.c: In function 'main':
..\main.c:37:13: warning: unused variable 'j' [-Wunused-variable]
   int num,i,j;
             ^
..\main.c:37:11: warning: unused variable 'i' [-Wunused-variable]
   int num,i,j;
           ^
..\main.c: In function 'count_of_ones':
..\main.c:45:2: error: expected declaration or statement at end of input
  }
  ^
..\main.c:45:2: warning: control reaches end of non-void function [-Wreturn-type]
  }
  ^
At top level:
..\main.c:34:6: warning: 'main' defined but not used [-Wunused-function]
  int main()
      ^~~~
Info: Nothing to build for ex1
Info: Nothing to build for ex2
Info: Nothing to build for ex3
Info: Nothing to build for ex4
17:06:29 **** Incremental Build of configuration Debug for project ex5 ****
Info: Internal Builder is used for build
gcc -O0 -g3 -Wall -c -fmessage-length=0 -o main.o "..\\main.c" 
..\main.c: In function 'count_of_ones':
..\main.c:34:6: warning: 'main' is normally a non-static function [-Wmain]
  int main()
      ^~~~
..\main.c:46:2: error: expected declaration or statement at end of input
  }
  ^
At top level:
..\main.c:34:6: warning: 'main' defined but not used [-Wunused-function]
  int main()
      ^~~~
Info: Nothing to build for ex1
Info: Nothing to build for ex2
Info: Nothing to build for ex3
Info: Nothing to build for ex4
17:07:27 **** Incremental Build of configuration Debug for project ex5 ****
Info: Internal Builder is used for build
gcc -O0 -g3 -Wall -c -fmessage-length=0 -o main.o "..\\main.c" 
gcc -o ex5.exe main.o 
Info: Nothing to build for ex5
Info: Nothing to build for ex1
Info: Nothing to build for ex2
Info: Nothing to build for ex3
Info: Nothing to build for ex4
17:08:41 **** Incremental Build of configuration Debug for project ex5 ****
Info: Internal Builder is used for build
gcc -O0 -g3 -Wall -c -fmessage-length=0 -o main.o "..\\main.c" 
gcc -o ex5.exe main.o 
Info: Nothing to build for ex5
Info: Nothing to build for ex5
Info: Nothing to build for ex5
Info: Nothing to build for ex1
Info: Nothing to build for ex2
Info: Nothing to build for ex3
Info: Nothing to build for ex4
17:09:43 **** Incremental Build of configuration Debug for project ex5 ****
Info: Internal Builder is used for build
gcc -O0 -g3 -Wall -c -fmessage-length=0 -o main.o "..\\main.c" 
gcc -o ex5.exe main.o 
c:/mingw/bin/../lib/gcc/mingw32/6.3.0/../../../../mingw32/bin/ld.exe: cannot open output file ex5.exe: Permission denied
collect2.exe: error: ld returned 1 exit status
17:09:45 **** Incremental Build of configuration Debug for project ex5 ****
Info: Internal Builder is used for build
gcc -o ex5.exe main.o 
c:/mingw/bin/../lib/gcc/mingw32/6.3.0/../../../../mingw32/bin/ld.exe: cannot open output file ex5.exe: Permission denied
collect2.exe: error: ld returned 1 exit status
Info: Nothing to build for ex1
Info: Nothing to build for ex2
Info: Nothing to build for ex3
Info: Nothing to build for ex4
17:09:54 **** Incremental Build of configuration Debug for project ex5 ****
Info: Internal Builder is used for build
gcc -o ex5.exe main.o 
Info: Nothing to build for ex5
Info: Nothing to build for ex1
Info: Nothing to build for ex2
Info: Nothing to build for ex3
Info: Nothing to build for ex4
17:11:43 **** Incremental Build of configuration Debug for project ex5 ****
Info: Internal Builder is used for build
gcc -O0 -g3 -Wall -c -fmessage-length=0 -o main.o "..\\main.c" 
gcc -o ex5.exe main.o 
Info: Nothing to build for ex5
Info: Nothing to build for ex1
Info: Nothing to build for ex2
Info: Nothing to build for ex3
Info: Nothing to build for ex4
17:12:29 **** Incremental Build of configuration Debug for project ex5 ****
Info: Internal Builder is used for build
gcc -O0 -g3 -Wall -c -fmessage-length=0 -o main.o "..\\main.c" 
gcc -o ex5.exe main.o 
c:/mingw/bin/../lib/gcc/mingw32/6.3.0/../../../../mingw32/bin/ld.exe: cannot open output file ex5.exe: Permission denied
collect2.exe: error: ld returned 1 exit status
17:12:31 **** Incremental Build of configuration Debug for project ex5 ****
Info: Internal Builder is used for build
gcc -o ex5.exe main.o 
c:/mingw/bin/../lib/gcc/mingw32/6.3.0/../../../../mingw32/bin/ld.exe: cannot open output file ex5.exe: Permission denied
collect2.exe: error: ld returned 1 exit status
Info: Nothing to build for ex1
Info: Nothing to build for ex2
Info: Nothing to build for ex3
Info: Nothing to build for ex4
17:12:39 **** Incremental Build of configuration Debug for project ex5 ****
Info: Internal Builder is used for build
gcc -o ex5.exe main.o 
Info: Nothing to build for ex5
Info: Nothing to build for ex1
Info: Nothing to build for ex2
Info: Nothing to build for ex3
Info: Nothing to build for ex4
Info: Nothing to build for ex5
19:35:21 **** Rebuild of configuration Debug for project ex6 ****
Info: Internal Builder is used for build
gcc -O0 -g3 -Wall -c -fmessage-length=0 -o main.o "..\\main.c" 
..\main.c: In function 'main':
..\main.c:42:1: error: expected ';' before '}' token
 }
 ^
Info: Nothing to build for ex1
Info: Nothing to build for ex2
Info: Nothing to build for ex3
Info: Nothing to build for ex4
Info: Nothing to build for ex5
19:35:44 **** Incremental Build of configuration Debug for project ex6 ****
Info: Internal Builder is used for build
gcc -O0 -g3 -Wall -c -fmessage-length=0 -o main.o "..\\main.c" 
gcc -o ex6.exe main.o 
Info: Nothing to build for ex6
Info: Nothing to build for ex1
Info: Nothing to build for ex2
Info: Nothing to build for ex3
Info: Nothing to build for ex4
Info: Nothing to build for ex5
19:36:42 **** Incremental Build of configuration Debug for project ex6 ****
Info: Internal Builder is used for build
gcc -O0 -g3 -Wall -c -fmessage-length=0 -o main.o "..\\main.c" 
gcc -o ex6.exe main.o 
Info: Nothing to build for ex6
Info: Nothing to build for ex1
Info: Nothing to build for ex2
Info: Nothing to build for ex3
Info: Nothing to build for ex4
Info: Nothing to build for ex5
19:37:31 **** Incremental Build of configuration Debug for project ex6 ****
Info: Internal Builder is used for build
gcc -O0 -g3 -Wall -c -fmessage-length=0 -o main.o "..\\main.c" 
gcc -o ex6.exe main.o 
Info: Nothing to build for ex6
Info: Nothing to build for ex6
Info: Nothing to build for ex1
Info: Nothing to build for ex2
Info: Nothing to build for ex3
Info: Nothing to build for ex4
Info: Nothing to build for ex5
19:38:13 **** Incremental Build of configuration Debug for project ex6 ****
Info: Internal Builder is used for build
gcc -O0 -g3 -Wall -c -fmessage-length=0 -o main.o "..\\main.c" 
gcc -o ex6.exe main.o 
c:/mingw/bin/../lib/gcc/mingw32/6.3.0/../../../../mingw32/bin/ld.exe: cannot open output file ex6.exe: Permission denied
collect2.exe: error: ld returned 1 exit status
19:38:14 **** Incremental Build of configuration Debug for project ex6 ****
Info: Internal Builder is used for build
gcc -o ex6.exe main.o 
c:/mingw/bin/../lib/gcc/mingw32/6.3.0/../../../../mingw32/bin/ld.exe: cannot open output file ex6.exe: Permission denied
collect2.exe: error: ld returned 1 exit status
Info: Nothing to build for ex1
Info: Nothing to build for ex2
Info: Nothing to build for ex3
Info: Nothing to build for ex4
Info: Nothing to build for ex5
19:38:22 **** Incremental Build of configuration Debug for project ex6 ****
Info: Internal Builder is used for build
gcc -o ex6.exe main.o 
Info: Nothing to build for ex6
Info: Nothing to build for ex1
Info: Nothing to build for ex2
Info: Nothing to build for ex3
Info: Nothing to build for ex4
Info: Nothing to build for ex5
19:39:14 **** Incremental Build of configuration Debug for project ex6 ****
Info: Internal Builder is used for build
gcc -O0 -g3 -Wall -c -fmessage-length=0 -o main.o "..\\main.c" 
gcc -o ex6.exe main.o 
Info: Nothing to build for ex6
Info: Nothing to build for ex1
Info: Nothing to build for ex2
Info: Nothing to build for ex3
Info: Nothing to build for ex4
Info: Nothing to build for ex5
Info: Nothing to build for ex6
20:13:57 **** Rebuild of configuration Debug for project ex7 ****
Info: Internal Builder is used for build
gcc -O0 -g3 -Wall -c -fmessage-length=0 -o main.o "..\\main.c" 
..\main.c: In function 'sum':
..\main.c:20:2: error: called object 'sum' is not a function or function pointer
  sum(i);
  ^~~
..\main.c:13:6: note: declared here
  int sum=0;
      ^~~
Info: Nothing to build for ex1
Info: Nothing to build for ex2
Info: Nothing to build for ex3
Info: Nothing to build for ex4
Info: Nothing to build for ex5
Info: Nothing to build for ex6
20:16:10 **** Incremental Build of configuration Debug for project ex7 ****
Info: Internal Builder is used for build
gcc -O0 -g3 -Wall -c -fmessage-length=0 -o main.o "..\\main.c" 
gcc -o ex7.exe main.o 
20:16:21 **** Incremental Build of configuration Debug for project ex7 ****
Info: Internal Builder is used for build
gcc -O0 -g3 -Wall -c -fmessage-length=0 -o main.o "..\\main.c" 
gcc -o ex7.exe main.o 
Info: Nothing to build for ex1
Info: Nothing to build for ex2
Info: Nothing to build for ex3
Info: Nothing to build for ex4
Info: Nothing to build for ex5
Info: Nothing to build for ex6
Info: Nothing to build for ex7
Info: Nothing to build for ex7
Info: Nothing to build for ex1
Info: Nothing to build for ex2
Info: Nothing to build for ex3
Info: Nothing to build for ex4
Info: Nothing to build for ex5
Info: Nothing to build for ex6
20:17:03 **** Incremental Build of configuration Debug for project ex7 ****
Info: Internal Builder is used for build
gcc -O0 -g3 -Wall -c -fmessage-length=0 -o main.o "..\\main.c" 
gcc -o ex7.exe main.o 
Info: Nothing to build for ex1
Info: Nothing to build for ex2
Info: Nothing to build for ex3
Info: Nothing to build for ex4
Info: Nothing to build for ex5
Info: Nothing to build for ex6
20:18:07 **** Incremental Build of configuration Debug for project ex7 ****
Info: Internal Builder is used for build
gcc -O0 -g3 -Wall -c -fmessage-length=0 -o main.o "..\\main.c" 
..\main.c: In function 'sum_numbers':
..\main.c:20:2: error: too few arguments to function 'sum_numbers'
  sum_numbers(i);
  ^~~~~~~~~~~
..\main.c:11:6: note: declared here
 void sum_numbers(int i,int sum)
      ^~~~~~~~~~~
..\main.c: In function 'main':
..\main.c:29:10: error: 'sum' undeclared (first use in this function)
  int i=0;sum=0;
          ^~~
..\main.c:29:10: note: each undeclared identifier is reported only once for each function it appears in
20:18:09 **** Incremental Build of configuration Debug for project ex7 ****
Info: Internal Builder is used for build
gcc -O0 -g3 -Wall -c -fmessage-length=0 -o main.o "..\\main.c" 
..\main.c: In function 'sum_numbers':
..\main.c:20:2: error: too few arguments to function 'sum_numbers'
  sum_numbers(i);
  ^~~~~~~~~~~
..\main.c:11:6: note: declared here
 void sum_numbers(int i,int sum)
      ^~~~~~~~~~~
..\main.c: In function 'main':
..\main.c:29:10: error: 'sum' undeclared (first use in this function)
  int i=0;sum=0;
          ^~~
..\main.c:29:10: note: each undeclared identifier is reported only once for each function it appears in
Info: Nothing to build for ex1
Info: Nothing to build for ex2
Info: Nothing to build for ex3
Info: Nothing to build for ex4
Info: Nothing to build for ex5
Info: Nothing to build for ex6
20:18:17 **** Incremental Build of configuration Debug for project ex7 ****
Info: Internal Builder is used for build
gcc -O0 -g3 -Wall -c -fmessage-length=0 -o main.o "..\\main.c" 
..\main.c: In function 'sum_numbers':
..\main.c:20:2: error: too few arguments to function 'sum_numbers'
  sum_numbers(i);
  ^~~~~~~~~~~
..\main.c:11:6: note: declared here
 void sum_numbers(int i,int sum)
      ^~~~~~~~~~~
..\main.c: In function 'main':
..\main.c:29:10: error: 'sum' undeclared (first use in this function)
  int i=0;sum=0;
          ^~~
..\main.c:29:10: note: each undeclared identifier is reported only once for each function it appears in
Info: Nothing to build for ex1
Info: Nothing to build for ex2
Info: Nothing to build for ex3
Info: Nothing to build for ex4
Info: Nothing to build for ex5
Info: Nothing to build for ex6
20:18:37 **** Incremental Build of configuration Debug for project ex7 ****
Info: Internal Builder is used for build
gcc -O0 -g3 -Wall -c -fmessage-length=0 -o main.o "..\\main.c" 
..\main.c: In function 'main':
..\main.c:29:10: error: 'sum' undeclared (first use in this function)
  int i=0;sum=0;
          ^~~
..\main.c:29:10: note: each undeclared identifier is reported only once for each function it appears in
Info: Nothing to build for ex1
Info: Nothing to build for ex2
Info: Nothing to build for ex3
Info: Nothing to build for ex4
Info: Nothing to build for ex5
Info: Nothing to build for ex6
20:18:51 **** Incremental Build of configuration Debug for project ex7 ****
Info: Internal Builder is used for build
gcc -O0 -g3 -Wall -c -fmessage-length=0 -o main.o "..\\main.c" 
gcc -o ex7.exe main.o 
Info: Nothing to build for ex7
Info: Nothing to build for ex1
Info: Nothing to build for ex2
Info: Nothing to build for ex3
Info: Nothing to build for ex4
Info: Nothing to build for ex5
Info: Nothing to build for ex6
20:19:49 **** Incremental Build of configuration Debug for project ex7 ****
Info: Internal Builder is used for build
gcc -O0 -g3 -Wall -c -fmessage-length=0 -o main.o "..\\main.c" 
gcc -o ex7.exe main.o 
Info: Nothing to build for ex7
Info: Nothing to build for ex1
Info: Nothing to build for ex2
Info: Nothing to build for ex3
Info: Nothing to build for ex4
Info: Nothing to build for ex5
Info: Nothing to build for ex6
20:20:59 **** Incremental Build of configuration Debug for project ex7 ****
Info: Internal Builder is used for build
gcc -O0 -g3 -Wall -c -fmessage-length=0 -o main.o "..\\main.c" 
gcc -o ex7.exe main.o 
Info: Nothing to build for ex7
Info: Nothing to build for ex1
Info: Nothing to build for ex2
Info: Nothing to build for ex3
Info: Nothing to build for ex4
Info: Nothing to build for ex5
Info: Nothing to build for ex6
20:23:55 **** Incremental Build of configuration Debug for project ex7 ****
Info: Internal Builder is used for build
gcc -O0 -g3 -Wall -c -fmessage-length=0 -o main.o "..\\main.c" 
gcc -o ex7.exe main.o 
Info: Nothing to build for ex7
Info: Nothing to build for ex7
20:28:10 **** Incremental Build of configuration Debug for project ex7 ****
Info: Internal Builder is used for build
gcc -O0 -g3 -Wall -c -fmessage-length=0 -o main.o "..\\main.c" 
..\main.c: In function 'sum_numbers':
..\main.c:28:1: warning: control reaches end of non-void function [-Wreturn-type]
 }
 ^
gcc -o ex7.exe main.o 
20:30:51 **** Incremental Build of configuration Debug for project ex7 ****
Info: Internal Builder is used for build
gcc -O0 -g3 -Wall -c -fmessage-length=0 -o main.o "..\\main.c" 
..\main.c: In function 'sum_numbers':
..\main.c:26:1: warning: control reaches end of non-void function [-Wreturn-type]
 }
 ^
gcc -o ex7.exe main.o 
Info: Nothing to build for ex7
Info: Nothing to build for ex1
Info: Nothing to build for ex2
Info: Nothing to build for ex3
Info: Nothing to build for ex4
Info: Nothing to build for ex5
Info: Nothing to build for ex6
20:35:53 **** Incremental Build of configuration Debug for project ex7 ****
Info: Internal Builder is used for build
gcc -O0 -g3 -Wall -c -fmessage-length=0 -o main.o "..\\main.c" 
..\main.c: In function 'sum_numbers':
..\main.c:25:1: warning: control reaches end of non-void function [-Wreturn-type]
 }
 ^
gcc -o ex7.exe main.o 
Info: Nothing to build for ex7
Info: Nothing to build for ex1
Info: Nothing to build for ex2
Info: Nothing to build for ex3
Info: Nothing to build for ex4
Info: Nothing to build for ex5
Info: Nothing to build for ex6
20:36:32 **** Incremental Build of configuration Debug for project ex7 ****
Info: Internal Builder is used for build
gcc -O0 -g3 -Wall -c -fmessage-length=0 -o main.o "..\\main.c" 
gcc -o ex7.exe main.o 
Info: Nothing to build for ex7
Info: Nothing to build for ex1
Info: Nothing to build for ex2
Info: Nothing to build for ex3
Info: Nothing to build for ex4
Info: Nothing to build for ex5
Info: Nothing to build for ex6
20:37:28 **** Incremental Build of configuration Debug for project ex7 ****
Info: Internal Builder is used for build
gcc -O0 -g3 -Wall -c -fmessage-length=0 -o main.o "..\\main.c" 
gcc -o ex7.exe main.o 
Info: Nothing to build for ex7
Info: Nothing to build for ex1
Info: Nothing to build for ex2
Info: Nothing to build for ex3
Info: Nothing to build for ex4
Info: Nothing to build for ex5
Info: Nothing to build for ex6
20:38:18 **** Incremental Build of configuration Debug for project ex7 ****
Info: Internal Builder is used for build
gcc -O0 -g3 -Wall -c -fmessage-length=0 -o main.o "..\\main.c" 
gcc -o ex7.exe main.o 
Info: Nothing to build for ex7
Info: Nothing to build for ex1
Info: Nothing to build for ex2
Info: Nothing to build for ex3
Info: Nothing to build for ex4
Info: Nothing to build for ex5
Info: Nothing to build for ex6
20:39:18 **** Incremental Build of configuration Debug for project ex7 ****
Info: Internal Builder is used for build
gcc -O0 -g3 -Wall -c -fmessage-length=0 -o main.o "..\\main.c" 
gcc -o ex7.exe main.o 
Info: Nothing to build for ex7
Info: Nothing to build for ex1
Info: Nothing to build for ex2
Info: Nothing to build for ex3
Info: Nothing to build for ex4
Info: Nothing to build for ex5
Info: Nothing to build for ex6
20:40:30 **** Incremental Build of configuration Debug for project ex7 ****
Info: Internal Builder is used for build
gcc -O0 -g3 -Wall -c -fmessage-length=0 -o main.o "..\\main.c" 
gcc -o ex7.exe main.o 
Info: Nothing to build for ex7
Info: Nothing to build for ex1
Info: Nothing to build for ex2
Info: Nothing to build for ex3
Info: Nothing to build for ex4
Info: Nothing to build for ex5
Info: Nothing to build for ex6
20:41:28 **** Incremental Build of configuration Debug for project ex7 ****
Info: Internal Builder is used for build
gcc -O0 -g3 -Wall -c -fmessage-length=0 -o main.o "..\\main.c" 
gcc -o ex7.exe main.o 
Info: Nothing to build for ex7
Info: Nothing to build for ex1
Info: Nothing to build for ex2
Info: Nothing to build for ex3
Info: Nothing to build for ex4
Info: Nothing to build for ex5
Info: Nothing to build for ex6
20:41:51 **** Incremental Build of configuration Debug for project ex7 ****
Info: Internal Builder is used for build
gcc -O0 -g3 -Wall -c -fmessage-length=0 -o main.o "..\\main.c" 
gcc -o ex7.exe main.o 
Info: Nothing to build for ex7
Info: Nothing to build for ex7
Info: Nothing to build for ex1
Info: Nothing to build for ex2
Info: Nothing to build for ex3
Info: Nothing to build for ex4
Info: Nothing to build for ex5
Info: Nothing to build for ex6
20:43:03 **** Incremental Build of configuration Debug for project ex7 ****
Info: Internal Builder is used for build
gcc -O0 -g3 -Wall -c -fmessage-length=0 -o main.o "..\\main.c" 
gcc -o ex7.exe main.o 
Info: Nothing to build for ex7
Info: Nothing to build for ex1
Info: Nothing to build for ex2
Info: Nothing to build for ex3
Info: Nothing to build for ex4
Info: Nothing to build for ex5
Info: Nothing to build for ex6
20:44:00 **** Incremental Build of configuration Debug for project ex7 ****
Info: Internal Builder is used for build
gcc -O0 -g3 -Wall -c -fmessage-length=0 -o main.o "..\\main.c" 
gcc -o ex7.exe main.o 
Info: Nothing to build for ex7
Info: Nothing to build for ex1
Info: Nothing to build for ex2
Info: Nothing to build for ex3
Info: Nothing to build for ex4
Info: Nothing to build for ex5
Info: Nothing to build for ex6
20:45:33 **** Incremental Build of configuration Debug for project ex7 ****
Info: Internal Builder is used for build
gcc -O0 -g3 -Wall -c -fmessage-length=0 -o main.o "..\\main.c" 
..\main.c: In function 'main':
..\main.c:29:16: warning: variable 'k' set but not used [-Wunused-but-set-variable]
  int i=0,sum=0,k;
                ^
gcc -o ex7.exe main.o 
Info: Nothing to build for ex7
20:50:15 **** Incremental Build of configuration Debug for project ex7 ****
Info: Internal Builder is used for build
gcc -O0 -g3 -Wall -c -fmessage-length=0 -o main.o "..\\main.c" 
..\main.c: In function 'main':
..\main.c:26:4: error: too many arguments to function 'sum_numbers'
  k=sum_numbers(i,sum);
    ^~~~~~~~~~~
..\main.c:11:5: note: declared here
 int sum_numbers(int num)
     ^~~~~~~~~~~
..\main.c:24:16: warning: variable 'k' set but not used [-Wunused-but-set-variable]
  int i=0,sum=0,k;
                ^
20:50:34 **** Incremental Build of configuration Debug for project ex7 ****
Info: Internal Builder is used for build
gcc -O0 -g3 -Wall -c -fmessage-length=0 -o main.o "..\\main.c" 
..\main.c: In function 'main':
..\main.c:24:16: warning: variable 'k' set but not used [-Wunused-but-set-variable]
  int i=0,sum=0,k;
                ^
..\main.c:24:10: warning: unused variable 'sum' [-Wunused-variable]
  int i=0,sum=0,k;
          ^~~
..\main.c:24:6: warning: unused variable 'i' [-Wunused-variable]
  int i=0,sum=0,k;
      ^
gcc -o ex7.exe main.o 
20:51:04 **** Incremental Build of configuration Debug for project ex7 ****
Info: Internal Builder is used for build
gcc -O0 -g3 -Wall -c -fmessage-length=0 -o main.o "..\\main.c" 
..\main.c: In function 'main':
..\main.c:24:5: warning: variable 'k' set but not used [-Wunused-but-set-variable]
 int k;
     ^
gcc -o ex7.exe main.o 
20:52:43 **** Incremental Build of configuration Debug for project ex7 ****
Info: Internal Builder is used for build
gcc -O0 -g3 -Wall -c -fmessage-length=0 -o main.o "..\\main.c" 
..\main.c: In function 'main':
..\main.c:24:5: warning: variable 'k' set but not used [-Wunused-but-set-variable]
 int k;
     ^
gcc -o ex7.exe main.o 
c:/mingw/bin/../lib/gcc/mingw32/6.3.0/../../../../mingw32/bin/ld.exe: cannot open output file ex7.exe: Permission denied
collect2.exe: error: ld returned 1 exit status
Info: Nothing to build for ex1
Info: Nothing to build for ex2
Info: Nothing to build for ex3
Info: Nothing to build for ex4
Info: Nothing to build for ex5
Info: Nothing to build for ex6
20:52:54 **** Incremental Build of configuration Debug for project ex7 ****
Info: Internal Builder is used for build
gcc -o ex7.exe main.o 
c:/mingw/bin/../lib/gcc/mingw32/6.3.0/../../../../mingw32/bin/ld.exe: cannot open output file ex7.exe: Permission denied
collect2.exe: error: ld returned 1 exit status
20:52:55 **** Incremental Build of configuration Debug for project ex7 ****
Info: Internal Builder is used for build
gcc -o ex7.exe main.o 
c:/mingw/bin/../lib/gcc/mingw32/6.3.0/../../../../mingw32/bin/ld.exe: cannot open output file ex7.exe: Permission denied
collect2.exe: error: ld returned 1 exit status
Info: Nothing to build for ex1
Info: Nothing to build for ex2
Info: Nothing to build for ex3
Info: Nothing to build for ex4
Info: Nothing to build for ex5
Info: Nothing to build for ex6
20:53:09 **** Incremental Build of configuration Debug for project ex7 ****
Info: Internal Builder is used for build
gcc -o ex7.exe main.o 
c:/mingw/bin/../lib/gcc/mingw32/6.3.0/../../../../mingw32/bin/ld.exe: cannot open output file ex7.exe: Permission denied
collect2.exe: error: ld returned 1 exit status
20:53:12 **** Incremental Build of configuration Debug for project ex7 ****
Info: Internal Builder is used for build
gcc -o ex7.exe main.o 
c:/mingw/bin/../lib/gcc/mingw32/6.3.0/../../../../mingw32/bin/ld.exe: cannot open output file ex7.exe: Permission denied
collect2.exe: error: ld returned 1 exit status
Info: Nothing to build for ex1
Info: Nothing to build for ex2
Info: Nothing to build for ex3
Info: Nothing to build for ex4
Info: Nothing to build for ex5
Info: Nothing to build for ex6
20:53:20 **** Incremental Build of configuration Debug for project ex7 ****
Info: Internal Builder is used for build
gcc -o ex7.exe main.o 
c:/mingw/bin/../lib/gcc/mingw32/6.3.0/../../../../mingw32/bin/ld.exe: cannot open output file ex7.exe: Permission denied
collect2.exe: error: ld returned 1 exit status
Info: Nothing to build for ex1
Info: Nothing to build for ex2
Info: Nothing to build for ex3
Info: Nothing to build for ex4
Info: Nothing to build for ex5
Info: Nothing to build for ex6
20:55:43 **** Incremental Build of configuration Debug for project ex7 ****
Info: Internal Builder is used for build
gcc -O0 -g3 -Wall -c -fmessage-length=0 -o main.o "..\\main.c" 
gcc -o ex7.exe main.o 
Info: Nothing to build for ex7
Info: Nothing to build for ex1
Info: Nothing to build for ex2
Info: Nothing to build for ex3
Info: Nothing to build for ex4
Info: Nothing to build for ex5
Info: Nothing to build for ex6
20:56:00 **** Incremental Build of configuration Debug for project ex7 ****
Info: Internal Builder is used for build
gcc -O0 -g3 -Wall -c -fmessage-length=0 -o main.o "..\\main.c" 
gcc -o ex7.exe main.o 
Info: Nothing to build for ex7
Info: Nothing to build for ex1
Info: Nothing to build for ex2
Info: Nothing to build for ex3
Info: Nothing to build for ex4
Info: Nothing to build for ex5
Info: Nothing to build for ex6
21:01:59 **** Incremental Build of configuration Debug for project ex7 ****
Info: Internal Builder is used for build
gcc -O0 -g3 -Wall -c -fmessage-length=0 -o main.o "..\\main.c" 
gcc -o ex7.exe main.o 
Info: Nothing to build for ex7
Info: Nothing to build for ex1
Info: Nothing to build for ex2
Info: Nothing to build for ex3
Info: Nothing to build for ex4
Info: Nothing to build for ex5
Info: Nothing to build for ex6
21:02:47 **** Incremental Build of configuration Debug for project ex7 ****
Info: Internal Builder is used for build
gcc -O0 -g3 -Wall -c -fmessage-length=0 -o main.o "..\\main.c" 
gcc -o ex7.exe main.o 
Info: Nothing to build for ex7
Info: Nothing to build for ex1
Info: Nothing to build for ex2
Info: Nothing to build for ex3
Info: Nothing to build for ex4
Info: Nothing to build for ex5
Info: Nothing to build for ex6
21:03:44 **** Incremental Build of configuration Debug for project ex7 ****
Info: Internal Builder is used for build
gcc -O0 -g3 -Wall -c -fmessage-length=0 -o main.o "..\\main.c" 
gcc -o ex7.exe main.o 
Info: Nothing to build for ex7
Info: Nothing to build for ex1
Info: Nothing to build for ex2
Info: Nothing to build for ex3
Info: Nothing to build for ex4
Info: Nothing to build for ex5
Info: Nothing to build for ex6
21:04:31 **** Incremental Build of configuration Debug for project ex7 ****
Info: Internal Builder is used for build
gcc -O0 -g3 -Wall -c -fmessage-length=0 -o main.o "..\\main.c" 
..\main.c: In function 'sum_numbers':
..\main.c:14:5: warning: 'sum' is used uninitialized in this function [-Wuninitialized]
  sum+=num;
  ~~~^~~~~
gcc -o ex7.exe main.o 
Info: Nothing to build for ex1
Info: Nothing to build for ex2
Info: Nothing to build for ex3
Info: Nothing to build for ex4
Info: Nothing to build for ex5
Info: Nothing to build for ex6
21:08:06 **** Incremental Build of configuration Debug for project ex7 ****
Info: Internal Builder is used for build
gcc -O0 -g3 -Wall -c -fmessage-length=0 -o main.o "..\\main.c" 
..\main.c: In function 'sum_numbers':
..\main.c:20:3: error: too few arguments to function 'sum_numbers'
   sum_numbers(num);
   ^~~~~~~~~~~
..\main.c:11:5: note: declared here
 int sum_numbers(int num, int sum)
     ^~~~~~~~~~~
21:08:08 **** Incremental Build of configuration Debug for project ex7 ****
Info: Internal Builder is used for build
gcc -O0 -g3 -Wall -c -fmessage-length=0 -o main.o "..\\main.c" 
..\main.c: In function 'sum_numbers':
..\main.c:20:3: error: too few arguments to function 'sum_numbers'
   sum_numbers(num);
   ^~~~~~~~~~~
..\main.c:11:5: note: declared here
 int sum_numbers(int num, int sum)
     ^~~~~~~~~~~
Info: Nothing to build for ex1
Info: Nothing to build for ex2
Info: Nothing to build for ex3
Info: Nothing to build for ex4
Info: Nothing to build for ex5
Info: Nothing to build for ex6
21:08:24 **** Incremental Build of configuration Debug for project ex7 ****
Info: Internal Builder is used for build
gcc -O0 -g3 -Wall -c -fmessage-length=0 -o main.o "..\\main.c" 
gcc -o ex7.exe main.o 
Info: Nothing to build for ex7
Info: Nothing to build for ex1
Info: Nothing to build for ex2
Info: Nothing to build for ex3
Info: Nothing to build for ex4
Info: Nothing to build for ex5
Info: Nothing to build for ex6
21:09:14 **** Incremental Build of configuration Debug for project ex7 ****
Info: Internal Builder is used for build
gcc -O0 -g3 -Wall -c -fmessage-length=0 -o main.o "..\\main.c" 
..\main.c: In function 'sum_numbers':
..\main.c:24:1: warning: control reaches end of non-void function [-Wreturn-type]
 }
 ^
gcc -o ex7.exe main.o 
Info: Nothing to build for ex1
Info: Nothing to build for ex2
Info: Nothing to build for ex3
Info: Nothing to build for ex4
Info: Nothing to build for ex5
Info: Nothing to build for ex6
21:10:23 **** Incremental Build of configuration Debug for project ex7 ****
Info: Internal Builder is used for build
gcc -O0 -g3 -Wall -c -fmessage-length=0 -o main.o "..\\main.c" 
gcc -o ex7.exe main.o 
Info: Nothing to build for ex7
Info: Nothing to build for ex7
Info: Nothing to build for ex1
Info: Nothing to build for ex2
Info: Nothing to build for ex3
Info: Nothing to build for ex4
Info: Nothing to build for ex5
Info: Nothing to build for ex6
Info: Nothing to build for ex7
Info: Nothing to build for ex7
Info: Nothing to build for ex1
Info: Nothing to build for ex2
Info: Nothing to build for ex3
Info: Nothing to build for ex4
Info: Nothing to build for ex5
Info: Nothing to build for ex6
21:11:19 **** Incremental Build of configuration Debug for project ex7 ****
Info: Internal Builder is used for build
gcc -O0 -g3 -Wall -c -fmessage-length=0 -o main.o "..\\main.c" 
gcc -o ex7.exe main.o 
Info: Nothing to build for ex7
Info: Nothing to build for ex1
Info: Nothing to build for ex2
Info: Nothing to build for ex3
Info: Nothing to build for ex4
Info: Nothing to build for ex5
Info: Nothing to build for ex6
21:11:34 **** Incremental Build of configuration Debug for project ex7 ****
Info: Internal Builder is used for build
gcc -O0 -g3 -Wall -c -fmessage-length=0 -o main.o "..\\main.c" 
gcc -o ex7.exe main.o 
Info: Nothing to build for ex7
Info: Nothing to build for ex1
Info: Nothing to build for ex2
Info: Nothing to build for ex3
Info: Nothing to build for ex4
Info: Nothing to build for ex5
Info: Nothing to build for ex6
21:11:50 **** Incremental Build of configuration Debug for project ex7 ****
Info: Internal Builder is used for build
gcc -O0 -g3 -Wall -c -fmessage-length=0 -o main.o "..\\main.c" 
gcc -o ex7.exe main.o 
Info: Nothing to build for ex7
Info: Nothing to build for ex1
Info: Nothing to build for ex2
Info: Nothing to build for ex3
Info: Nothing to build for ex4
Info: Nothing to build for ex5
Info: Nothing to build for ex6
21:12:05 **** Incremental Build of configuration Debug for project ex7 ****
Info: Internal Builder is used for build
gcc -O0 -g3 -Wall -c -fmessage-length=0 -o main.o "..\\main.c" 
gcc -o ex7.exe main.o 
Info: Nothing to build for ex7
Info: Nothing to build for ex1
Info: Nothing to build for ex2
Info: Nothing to build for ex3
Info: Nothing to build for ex4
Info: Nothing to build for ex5
Info: Nothing to build for ex6
21:14:43 **** Incremental Build of configuration Debug for project ex7 ****
Info: Internal Builder is used for build
gcc -O0 -g3 -Wall -c -fmessage-length=0 -o main.o "..\\main.c" 
gcc -o ex7.exe main.o 
Info: Nothing to build for ex7
Info: Nothing to build for ex1
Info: Nothing to build for ex2
Info: Nothing to build for ex3
Info: Nothing to build for ex4
Info: Nothing to build for ex5
Info: Nothing to build for ex6
21:16:26 **** Incremental Build of configuration Debug for project ex7 ****
Info: Internal Builder is used for build
gcc -O0 -g3 -Wall -c -fmessage-length=0 -o main.o "..\\main.c" 
gcc -o ex7.exe main.o 
Info: Nothing to build for ex7
Info: Nothing to build for ex1
Info: Nothing to build for ex2
Info: Nothing to build for ex3
Info: Nothing to build for ex4
Info: Nothing to build for ex5
Info: Nothing to build for ex6
21:17:03 **** Incremental Build of configuration Debug for project ex7 ****
Info: Internal Builder is used for build
gcc -O0 -g3 -Wall -c -fmessage-length=0 -o main.o "..\\main.c" 
gcc -o ex7.exe main.o 
Info: Nothing to build for ex7
Info: Nothing to build for ex1
Info: Nothing to build for ex2
Info: Nothing to build for ex3
Info: Nothing to build for ex4
Info: Nothing to build for ex5
Info: Nothing to build for ex6
Info: Nothing to build for ex7
21:19:52 **** Rebuild of configuration Debug for project ex8 ****
Info: Internal Builder is used for build
gcc -O0 -g3 -Wall -c -fmessage-length=0 -o main.o "..\\main.c" 
gcc -o ex8.exe main.o 
Info: Nothing to build for ex8
Info: Nothing to build for ex1
Info: Nothing to build for ex2
Info: Nothing to build for ex3
Info: Nothing to build for ex4
Info: Nothing to build for ex5
Info: Nothing to build for ex6
Info: Nothing to build for ex7
Info: Nothing to build for ex8
21:26:11 **** Rebuild of configuration Debug for project ex9 ****
Info: Internal Builder is used for build
gcc -O0 -g3 -Wall -c -fmessage-length=0 -o main.o "..\\main.c" 
gcc -o ex9.exe main.o 
Info: Nothing to build for ex9
Info: Nothing to build for ex1
Info: Nothing to build for ex2
Info: Nothing to build for ex3
Info: Nothing to build for ex4
Info: Nothing to build for ex5
Info: Nothing to build for ex6
Info: Nothing to build for ex7
Info: Nothing to build for ex8
22:39:04 **** Incremental Build of configuration Debug for project ex9 ****
Info: Internal Builder is used for build
gcc -O0 -g3 -Wall -c -fmessage-length=0 -o main.o "..\\main.c" 
gcc -o ex9.exe main.o 
Info: Nothing to build for ex9
Info: Nothing to build for ex1
Info: Nothing to build for ex2
Info: Nothing to build for ex3
Info: Nothing to build for ex4
Info: Nothing to build for ex5
Info: Nothing to build for ex6
Info: Nothing to build for ex7
Info: Nothing to build for ex8
22:54:43 **** Incremental Build of configuration Debug for project ex9 ****
Info: Internal Builder is used for build
gcc -O0 -g3 -Wall -c -fmessage-length=0 -o main.o "..\\main.c" 
gcc -o ex9.exe main.o 
Info: Nothing to build for ex9
Info: Nothing to build for ex1
Info: Nothing to build for ex2
Info: Nothing to build for ex3
Info: Nothing to build for ex4
Info: Nothing to build for ex5
Info: Nothing to build for ex6
Info: Nothing to build for ex7
Info: Nothing to build for ex8
22:58:31 **** Incremental Build of configuration Debug for project ex9 ****
Info: Internal Builder is used for build
gcc -O0 -g3 -Wall -c -fmessage-length=0 -o main.o "..\\main.c" 
gcc -o ex9.exe main.o 
Info: Nothing to build for ex9
23:13:39 **** Rebuild of configuration Debug for project ex9 ****
Info: Internal Builder is used for build
gcc -O0 -g3 -Wall -c -fmessage-length=0 -o main.o "..\\main.c" 
gcc -o ex9.exe main.o 
Info: Nothing to build for ex9
Info: Nothing to build for ex9
Info: Nothing to build for ex9
Info: Nothing to build for ex9
23:17:26 **** Incremental Build of configuration Debug for project ex9 ****
Info: Internal Builder is used for build
gcc -O0 -g3 -Wall -c -fmessage-length=0 -o main.o "..\\main.c" 
gcc -o ex9.exe main.o 
Info: Nothing to build for ex9
23:23:09 **** Incremental Build of configuration Debug for project ex9 ****
Info: Internal Builder is used for build
gcc -O0 -g3 -Wall -c -fmessage-length=0 -o main.o "..\\main.c" 
gcc -o ex9.exe main.o 
23:27:11 **** Incremental Build of configuration Debug for project ex9 ****
Info: Internal Builder is used for build
gcc -O0 -g3 -Wall -c -fmessage-length=0 -o main.o "..\\main.c" 
gcc -o ex9.exe main.o 
Info: Nothing to build for ex9
Info: Nothing to build for ex1
Info: Nothing to build for ex2
Info: Nothing to build for ex3
Info: Nothing to build for ex4
Info: Nothing to build for ex5
Info: Nothing to build for ex6
23:29:20 **** Incremental Build of configuration Debug for project ex7 ****
Info: Internal Builder is used for build
gcc -O0 -g3 -Wall -c -fmessage-length=0 -o main.o "..\\main.c" 
gcc -o ex7.exe main.o 
23:29:21 **** Rebuild of configuration Debug for project ex8 ****
Info: Internal Builder is used for build
gcc -O0 -g3 -Wall -c -fmessage-length=0 -o main.o "..\\main.c" 
gcc -o ex8.exe main.o 
23:29:21 **** Incremental Build of configuration Debug for project ex9 ****
Info: Internal Builder is used for build
gcc -O0 -g3 -Wall -c -fmessage-length=0 -o main.o "..\\main.c" 
gcc -o ex9.exe main.o 
Info: Nothing to build for ex9
Info: Nothing to build for ex1
Info: Nothing to build for ex2
Info: Nothing to build for ex3
Info: Nothing to build for ex4
Info: Nothing to build for ex5
Info: Nothing to build for ex6
Info: Nothing to build for ex7
Info: Nothing to build for ex8
23:31:57 **** Incremental Build of configuration Debug for project ex9 ****
Info: Internal Builder is used for build
gcc -O0 -g3 -Wall -c -fmessage-length=0 -o main.o "..\\main.c" 
gcc -o ex9.exe main.o 
Info: Nothing to build for ex9
Info: Nothing to build for ex9
23:33:51 **** Incremental Build of configuration Debug for project ex9 ****
Info: Internal Builder is used for build
gcc -O0 -g3 -Wall -c -fmessage-length=0 -o main.o "..\\main.c" 
gcc -o ex9.exe main.o 
23:35:47 **** Incremental Build of configuration Debug for project ex9 ****
Info: Internal Builder is used for build
gcc -O0 -g3 -Wall -c -fmessage-length=0 -o main.o "..\\main.c" 
gcc -o ex9.exe main.o 
23:38:02 **** Incremental Build of configuration Debug for project ex9 ****
Info: Internal Builder is used for build
gcc -O0 -g3 -Wall -c -fmessage-length=0 -o main.o "..\\main.c" 
gcc -o ex9.exe main.o 
23:41:26 **** Incremental Build of configuration Debug for project ex9 ****
Info: Internal Builder is used for build
gcc -O0 -g3 -Wall -c -fmessage-length=0 -o main.o "..\\main.c" 
gcc -o ex9.exe main.o 
c:/mingw/bin/../lib/gcc/mingw32/6.3.0/../../../../mingw32/bin/ld.exe: cannot open output file ex9.exe: Permission denied
collect2.exe: error: ld returned 1 exit status
23:41:48 **** Incremental Build of configuration Debug for project ex9 ****
Info: Internal Builder is used for build
gcc -o ex9.exe main.o 
c:/mingw/bin/../lib/gcc/mingw32/6.3.0/../../../../mingw32/bin/ld.exe: cannot open output file ex9.exe: Permission denied
collect2.exe: error: ld returned 1 exit status
23:41:58 **** Incremental Build of configuration Debug for project ex9 ****
Info: Internal Builder is used for build
gcc -o ex9.exe main.o 
23:43:42 **** Incremental Build of configuration Debug for project ex9 ****
Info: Internal Builder is used for build
gcc -O0 -g3 -Wall -c -fmessage-length=0 -o main.o "..\\main.c" 
gcc -o ex9.exe main.o 
23:44:35 **** Incremental Build of configuration Debug for project ex9 ****
Info: Internal Builder is used for build
gcc -O0 -g3 -Wall -c -fmessage-length=0 -o main.o "..\\main.c" 
gcc -o ex9.exe main.o 
23:46:20 **** Incremental Build of configuration Debug for project ex9 ****
Info: Internal Builder is used for build
gcc -O0 -g3 -Wall -c -fmessage-length=0 -o main.o "..\\main.c" 
gcc -o ex9.exe main.o 
23:46:37 **** Incremental Build of configuration Debug for project ex9 ****
Info: Internal Builder is used for build
gcc -O0 -g3 -Wall -c -fmessage-length=0 -o main.o "..\\main.c" 
gcc -o ex9.exe main.o 
23:47:20 **** Incremental Build of configuration Debug for project ex9 ****
Info: Internal Builder is used for build
gcc -O0 -g3 -Wall -c -fmessage-length=0 -o main.o "..\\main.c" 
gcc -o ex9.exe main.o 
Info: Nothing to build for ex1
Info: Nothing to build for ex2
Info: Nothing to build for ex3
Info: Nothing to build for ex4
Info: Nothing to build for ex5
Info: Nothing to build for ex6
Info: Nothing to build for ex7
Info: Nothing to build for ex8
23:48:12 **** Incremental Build of configuration Debug for project ex9 ****
Info: Internal Builder is used for build
gcc -O0 -g3 -Wall -c -fmessage-length=0 -o main.o "..\\main.c" 
gcc -o ex9.exe main.o 
Info: Nothing to build for ex9
Info: Nothing to build for ex9
Info: Nothing to build for ex9
Info: Nothing to build for ex9
Info: Nothing to build for ex1
Info: Nothing to build for ex2
Info: Nothing to build for ex3
Info: Nothing to build for ex4
Info: Nothing to build for ex5
Info: Nothing to build for ex6
Info: Nothing to build for ex7
Info: Nothing to build for ex8
23:53:29 **** Incremental Build of configuration Debug for project ex9 ****
Info: Internal Builder is used for build
gcc -O0 -g3 -Wall -c -fmessage-length=0 -o main.o "..\\main.c" 
gcc -o ex9.exe main.o 
Info: Nothing to build for ex9
Info: Nothing to build for ex9
Info: Nothing to build for ex1
Info: Nothing to build for ex2
Info: Nothing to build for ex3
Info: Nothing to build for ex4
Info: Nothing to build for ex5
Info: Nothing to build for ex6
Info: Nothing to build for ex7
Info: Nothing to build for ex8
23:54:28 **** Incremental Build of configuration Debug for project ex9 ****
Info: Internal Builder is used for build
gcc -O0 -g3 -Wall -c -fmessage-length=0 -o main.o "..\\main.c" 
gcc -o ex9.exe main.o 
Info: Nothing to build for ex9
Info: Nothing to build for ex9
Info: Nothing to build for ex9
Info: Nothing to build for ex9
23:57:46 **** Incremental Build of configuration Debug for project ex9 ****
Info: Internal Builder is used for build
gcc -O0 -g3 -Wall -c -fmessage-length=0 -o main.o "..\\main.c" 
gcc -o ex9.exe main.o 
23:59:54 **** Incremental Build of configuration Debug for project ex9 ****
Info: Internal Builder is used for build
gcc -O0 -g3 -Wall -c -fmessage-length=0 -o main.o "..\\main.c" 
gcc -o ex9.exe main.o 
00:01:33 **** Incremental Build of configuration Debug for project ex9 ****
Info: Internal Builder is used for build
gcc -O0 -g3 -Wall -c -fmessage-length=0 -o main.o "..\\main.c" 
gcc -o ex9.exe main.o 
00:10:46 **** Incremental Build of configuration Debug for project ex9 ****
Info: Internal Builder is used for build
gcc -O0 -g3 -Wall -c -fmessage-length=0 -o main.o "..\\main.c" 
gcc -o ex9.exe main.o 
00:12:41 **** Incremental Build of configuration Debug for project ex9 ****
Info: Internal Builder is used for build
gcc -O0 -g3 -Wall -c -fmessage-length=0 -o main.o "..\\main.c" 
gcc -o ex9.exe main.o 
00:13:30 **** Incremental Build of configuration Debug for project ex9 ****
Info: Internal Builder is used for build
gcc -O0 -g3 -Wall -c -fmessage-length=0 -o main.o "..\\main.c" 
gcc -o ex9.exe main.o 
00:14:03 **** Incremental Build of configuration Debug for project ex9 ****
Info: Internal Builder is used for build
gcc -O0 -g3 -Wall -c -fmessage-length=0 -o main.o "..\\main.c" 
gcc -o ex9.exe main.o 
Info: Nothing to build for ex1
Info: Nothing to build for ex2
Info: Nothing to build for ex3
Info: Nothing to build for ex4
Info: Nothing to build for ex5
Info: Nothing to build for ex6
Info: Nothing to build for ex7
Info: Nothing to build for ex8
00:15:16 **** Incremental Build of configuration Debug for project ex9 ****
Info: Internal Builder is used for build
gcc -O0 -g3 -Wall -c -fmessage-length=0 -o main.o "..\\main.c" 
gcc -o ex9.exe main.o 
Info: Nothing to build for ex9
Info: Nothing to build for ex1
Info: Nothing to build for ex2
Info: Nothing to build for ex3
Info: Nothing to build for ex4
Info: Nothing to build for ex5
Info: Nothing to build for ex6
Info: Nothing to build for ex7
Info: Nothing to build for ex8
Info: Nothing to build for ex9
Info: Nothing to build for ex9
Info: Nothing to build for ex9
00:17:19 **** Incremental Build of configuration Debug for project ex9 ****
Info: Internal Builder is used for build
gcc -O0 -g3 -Wall -c -fmessage-length=0 -o main.o "..\\main.c" 
gcc -o ex9.exe main.o 
Info: Nothing to build for ex9
Info: Nothing to build for ex9
Info: Nothing to build for ex9
00:26:47 **** Incremental Build of configuration Debug for project ex9 ****
Info: Internal Builder is used for build
gcc -O0 -g3 -Wall -c -fmessage-length=0 -o main.o "..\\main.c" 
gcc -o ex9.exe main.o 
00:27:03 **** Incremental Build of configuration Debug for project ex9 ****
Info: Internal Builder is used for build
gcc -O0 -g3 -Wall -c -fmessage-length=0 -o main.o "..\\main.c" 
gcc -o ex9.exe main.o 
00:27:47 **** Incremental Build of configuration Debug for project ex9 ****
Info: Internal Builder is used for build
gcc -O0 -g3 -Wall -c -fmessage-length=0 -o main.o "..\\main.c" 
gcc -o ex9.exe main.o 
00:28:21 **** Incremental Build of configuration Debug for project ex9 ****
Info: Internal Builder is used for build
gcc -O0 -g3 -Wall -c -fmessage-length=0 -o main.o "..\\main.c" 
gcc -o ex9.exe main.o 
Info: Nothing to build for ex9
Info: Nothing to build for ex9
00:37:34 **** Incremental Build of configuration Debug for project ex9 ****
Info: Internal Builder is used for build
gcc -O0 -g3 -Wall -c -fmessage-length=0 -o main.o "..\\main.c" 
gcc -o ex9.exe main.o 
Info: Nothing to build for ex1
Info: Nothing to build for ex2
Info: Nothing to build for ex3
Info: Nothing to build for ex4
Info: Nothing to build for ex5
Info: Nothing to build for ex6
Info: Nothing to build for ex7
Info: Nothing to build for ex8
00:38:38 **** Incremental Build of configuration Debug for project ex9 ****
Info: Internal Builder is used for build
gcc -O0 -g3 -Wall -c -fmessage-length=0 -o main.o "..\\main.c" 
gcc -o ex9.exe main.o 
Info: Nothing to build for ex9
00:39:28 **** Incremental Build of configuration Debug for project ex9 ****
Info: Internal Builder is used for build
gcc -O0 -g3 -Wall -c -fmessage-length=0 -o main.o "..\\main.c" 
gcc -o ex9.exe main.o 
Info: Nothing to build for ex1
Info: Nothing to build for ex2
Info: Nothing to build for ex3
Info: Nothing to build for ex4
Info: Nothing to build for ex5
Info: Nothing to build for ex6
Info: Nothing to build for ex7
Info: Nothing to build for ex8
00:40:16 **** Incremental Build of configuration Debug for project ex9 ****
Info: Internal Builder is used for build
gcc -O0 -g3 -Wall -c -fmessage-length=0 -o main.o "..\\main.c" 
gcc -o ex9.exe main.o 
Info: Nothing to build for ex9
Info: Nothing to build for ex1
Info: Nothing to build for ex2
Info: Nothing to build for ex3
Info: Nothing to build for ex4
Info: Nothing to build for ex5
Info: Nothing to build for ex6
Info: Nothing to build for ex7
Info: Nothing to build for ex8
00:40:45 **** Incremental Build of configuration Debug for project ex9 ****
Info: Internal Builder is used for build
gcc -O0 -g3 -Wall -c -fmessage-length=0 -o main.o "..\\main.c" 
gcc -o ex9.exe main.o 
Info: Nothing to build for ex9
Info: Nothing to build for ex1
Info: Nothing to build for ex2
Info: Nothing to build for ex3
Info: Nothing to build for ex4
Info: Nothing to build for ex5
Info: Nothing to build for ex6
Info: Nothing to build for ex7
Info: Nothing to build for ex8
00:42:21 **** Incremental Build of configuration Debug for project ex9 ****
Info: Internal Builder is used for build
gcc -O0 -g3 -Wall -c -fmessage-length=0 -o main.o "..\\main.c" 
gcc -o ex9.exe main.o 
Info: Nothing to build for ex9
Info: Nothing to build for ex1
Info: Nothing to build for ex2
Info: Nothing to build for ex3
Info: Nothing to build for ex4
Info: Nothing to build for ex5
Info: Nothing to build for ex6
Info: Nothing to build for ex7
Info: Nothing to build for ex8
00:42:53 **** Incremental Build of configuration Debug for project ex9 ****
Info: Internal Builder is used for build
gcc -O0 -g3 -Wall -c -fmessage-length=0 -o main.o "..\\main.c" 
gcc -o ex9.exe main.o 
Info: Nothing to build for ex9
Info: Nothing to build for ex1
Info: Nothing to build for ex2
Info: Nothing to build for ex3
Info: Nothing to build for ex4
Info: Nothing to build for ex5
Info: Nothing to build for ex6
Info: Nothing to build for ex7
Info: Nothing to build for ex8
00:43:32 **** Incremental Build of configuration Debug for project ex9 ****
Info: Internal Builder is used for build
gcc -O0 -g3 -Wall -c -fmessage-length=0 -o main.o "..\\main.c" 
gcc -o ex9.exe main.o 
Info: Nothing to build for ex9
Info: Nothing to build for ex1
Info: Nothing to build for ex2
Info: Nothing to build for ex3
Info: Nothing to build for ex4
Info: Nothing to build for ex5
Info: Nothing to build for ex6
Info: Nothing to build for ex7
Info: Nothing to build for ex8
00:44:10 **** Incremental Build of configuration Debug for project ex9 ****
Info: Internal Builder is used for build
gcc -O0 -g3 -Wall -c -fmessage-length=0 -o main.o "..\\main.c" 
gcc -o ex9.exe main.o 
Info: Nothing to build for ex9
Info: Nothing to build for ex1
Info: Nothing to build for ex2
Info: Nothing to build for ex3
Info: Nothing to build for ex4
Info: Nothing to build for ex5
Info: Nothing to build for ex6
Info: Nothing to build for ex7
Info: Nothing to build for ex8
00:44:56 **** Incremental Build of configuration Debug for project ex9 ****
Info: Internal Builder is used for build
gcc -O0 -g3 -Wall -c -fmessage-length=0 -o main.o "..\\main.c" 
gcc -o ex9.exe main.o 
Info: Nothing to build for ex9
Info: Nothing to build for ex1
14:00:50 **** Rebuild of configuration Debug for project ex10 ****
Info: Internal Builder is used for build
gcc -O0 -g3 -Wall -c -fmessage-length=0 -o main.o "..\\main.c" 
gcc -o ex10.exe main.o 
Info: Nothing to build for ex2
Info: Nothing to build for ex3
Info: Nothing to build for ex4
Info: Nothing to build for ex5
Info: Nothing to build for ex6
Info: Nothing to build for ex7
Info: Nothing to build for ex8
Info: Nothing to build for ex9
Info: Nothing to build for ex10
